#
# There is insufficient memory for the Java Runtime Environment to continue.
# Native memory allocation (malloc) failed to allocate 1451424 bytes for Chunk::new
# Possible reasons:
#   The system is out of physical RAM or swap space
#   The process is running with CompressedOops enabled, and the Java Heap may be blocking the growth of the native heap
# Possible solutions:
#   Reduce memory load on the system
#   Increase physical memory or swap space
#   Check if swap backing store is full
#   Decrease Java heap size (-Xmx/-Xms)
#   Decrease number of Java threads
#   Decrease Java thread stack sizes (-Xss)
#   Set larger code cache with -XX:ReservedCodeCacheSize=
#   JVM is running with Unscaled Compressed Oops mode in which the Java heap is
#     placed in the first 4GB address space. The Java Heap base address is the
#     maximum limit for the native heap growth. Please use -XX:HeapBaseMinAddress
#     to set the Java Heap base and to place the Java Heap above 4GB virtual address.
# This output file may be truncated or incomplete.
#
#  Out of Memory Error (allocation.cpp:389), pid=7072, tid=0x00000000000049cc
#
# JRE version: OpenJDK Runtime Environment (8.0_242-b01) (build 1.8.0_242-release-1644-b01)
# Java VM: OpenJDK 64-Bit Server VM (25.242-b01 mixed mode windows-amd64 compressed oops)
# Failed to write core dump. Minidumps are not enabled by default on client versions of Windows
#

---------------  T H R E A D  ---------------

Current thread (0x0000000018883800):  JavaThread "C2 CompilerThread1" daemon [_thread_in_native, id=18892, stack(0x0000000018f40000,0x0000000019040000)]

Stack: [0x0000000018f40000,0x0000000019040000]
[error occurred during error reporting (printing stack bounds), id 0xc0000005]

Native frames: (J=compiled Java code, j=interpreted, Vv=VM code, C=native code)


Current CompileTask:
C2:   3974 1634       4       java.net.URLClassLoader$1::run (5 bytes)


---------------  P R O C E S S  ---------------

Java Threads: ( => current thread )
  0x00000000188b1800 JavaThread "Service Thread" daemon [_thread_blocked, id=7668, stack(0x0000000019140000,0x0000000019240000)]
  0x000000001749e000 JavaThread "C1 CompilerThread2" daemon [_thread_blocked, id=17824, stack(0x0000000019040000,0x0000000019140000)]
=>0x0000000018883800 JavaThread "C2 CompilerThread1" daemon [_thread_in_native, id=18892, stack(0x0000000018f40000,0x0000000019040000)]
  0x0000000017457800 JavaThread "C2 CompilerThread0" daemon [_thread_blocked, id=18584, stack(0x0000000018e40000,0x0000000018f40000)]
  0x0000000017456800 JavaThread "Attach Listener" daemon [_thread_blocked, id=9132, stack(0x0000000018d40000,0x0000000018e40000)]
  0x0000000017440800 JavaThread "Signal Dispatcher" daemon [_thread_blocked, id=18512, stack(0x0000000018c40000,0x0000000018d40000)]
  0x000000000288d000 JavaThread "Finalizer" daemon [_thread_blocked, id=18064, stack(0x00000000186a0000,0x00000000187a0000)]
  0x0000000017429000 JavaThread "Reference Handler" daemon [_thread_blocked, id=18852, stack(0x00000000185a0000,0x00000000186a0000)]
  0x0000000002799000 JavaThread "main" [_thread_in_native, id=18592, stack(0x0000000002680000,0x0000000002780000)]

Other Threads:
  0x0000000017407000 VMThread [stack: 0x00000000184a0000,0x00000000185a0000] [id=3972]
  0x00000000188a7000 WatcherThread [stack: 0x0000000019240000,0x0000000019340000] [id=328]

VM state:not at safepoint (normal execution)

VM Mutex/Monitor currently owned by a thread: None

heap address: 0x0000000081400000, size: 2028 MB, Compressed Oops mode: 32-bit
Narrow klass base: 0x0000000000000000, Narrow klass shift: 3
Compressed class space size: 1073741824 Address: 0x0000000100000000

Heap:
 PSYoungGen      total 38400K, used 11279K [0x00000000d5c00000, 0x00000000da700000, 0x0000000100000000)
  eden space 33280K, 33% used [0x00000000d5c00000,0x00000000d6703fd8,0x00000000d7c80000)
  from space 5120K, 0% used [0x00000000d7c80000,0x00000000d7c80000,0x00000000d8180000)
  to   space 5120K, 0% used [0x00000000da200000,0x00000000da200000,0x00000000da700000)
 ParOldGen       total 66560K, used 9622K [0x0000000081400000, 0x0000000085500000, 0x00000000d5c00000)
  object space 66560K, 14% used [0x0000000081400000,0x0000000081d658c8,0x0000000085500000)
 Metaspace       used 22408K, capacity 22964K, committed 23040K, reserved 1069056K
  class space    used 2658K, capacity 2772K, committed 2816K, reserved 1048576K

Card table byte_map: [0x0000000011c60000,0x0000000012060000] byte_map_base: 0x0000000011856000

Marking Bits: (ParMarkBitMap*) 0x000000005551f030
 Begin Bits: [0x0000000012710000, 0x00000000146c0000)
 End Bits:   [0x00000000146c0000, 0x0000000016670000)

Polling page: 0x0000000000a60000

CodeCache: size=245760Kb used=5421Kb max_used=5431Kb free=240338Kb
 bounds [0x00000000028a0000, 0x0000000002e00000, 0x00000000118a0000]
 total_blobs=2222 nmethods=1802 adapters=333
 compilation: enabled

Compilation events (10 events):
Event: 3.918 Thread 0x0000000017457800 1801       4       java.util.HashMap::resize (359 bytes)
Event: 3.929 Thread 0x0000000017457800 nmethod 1801 0x0000000002deb810 code [0x0000000002deb9a0, 0x0000000002debef8]
Event: 3.929 Thread 0x0000000017457800 1800       4       java.io.WinNTFileSystem::normalize (143 bytes)
Event: 3.937 Thread 0x0000000017457800 nmethod 1800 0x0000000002de32d0 code [0x0000000002de3440, 0x0000000002de37f8]
Event: 3.937 Thread 0x0000000017457800 1797       4       gnu.trove.TObjectHash::computeHashCode (13 bytes)
Event: 3.938 Thread 0x0000000017457800 nmethod 1797 0x0000000002deead0 code [0x0000000002deec20, 0x0000000002deece8]
Event: 3.938 Thread 0x0000000017457800 1796       4       org.jetbrains.kotlin.com.intellij.util.containers.FactoryMap::get (69 bytes)
Event: 3.962 Thread 0x0000000017457800 nmethod 1796 0x0000000002df02d0 code [0x0000000002df04e0, 0x0000000002df0f80]
Event: 3.966 Thread 0x000000001749e000 1803       1       org.jetbrains.kotlin.com.intellij.openapi.diagnostic.DefaultLogger::isDebugEnabled (2 bytes)
Event: 3.966 Thread 0x000000001749e000 nmethod 1803 0x0000000002dee810 code [0x0000000002dee960, 0x0000000002deea70]

GC Heap History (8 events):
Event: 1.868 GC heap before
{Heap before GC invocations=1 (full 0):
 PSYoungGen      total 38400K, used 33280K [0x00000000d5c00000, 0x00000000d8680000, 0x0000000100000000)
  eden space 33280K, 100% used [0x00000000d5c00000,0x00000000d7c80000,0x00000000d7c80000)
  from space 5120K, 0% used [0x00000000d8180000,0x00000000d8180000,0x00000000d8680000)
  to   space 5120K, 0% used [0x00000000d7c80000,0x00000000d7c80000,0x00000000d8180000)
 ParOldGen       total 87552K, used 0K [0x0000000081400000, 0x0000000086980000, 0x00000000d5c00000)
  object space 87552K, 0% used [0x0000000081400000,0x0000000081400000,0x0000000086980000)
 Metaspace       used 10046K, capacity 10204K, committed 10368K, reserved 1058816K
  class space    used 1089K, capacity 1148K, committed 1152K, reserved 1048576K
Event: 1.877 GC heap after
Heap after GC invocations=1 (full 0):
 PSYoungGen      total 38400K, used 5114K [0x00000000d5c00000, 0x00000000d8680000, 0x0000000100000000)
  eden space 33280K, 0% used [0x00000000d5c00000,0x00000000d5c00000,0x00000000d7c80000)
  from space 5120K, 99% used [0x00000000d7c80000,0x00000000d817e928,0x00000000d8180000)
  to   space 5120K, 0% used [0x00000000d8180000,0x00000000d8180000,0x00000000d8680000)
 ParOldGen       total 87552K, used 2630K [0x0000000081400000, 0x0000000086980000, 0x00000000d5c00000)
  object space 87552K, 3% used [0x0000000081400000,0x0000000081691ba0,0x0000000086980000)
 Metaspace       used 10046K, capacity 10204K, committed 10368K, reserved 1058816K
  class space    used 1089K, capacity 1148K, committed 1152K, reserved 1048576K
}
Event: 2.865 GC heap before
{Heap before GC invocations=2 (full 0):
 PSYoungGen      total 38400K, used 38394K [0x00000000d5c00000, 0x00000000d8680000, 0x0000000100000000)
  eden space 33280K, 100% used [0x00000000d5c00000,0x00000000d7c80000,0x00000000d7c80000)
  from space 5120K, 99% used [0x00000000d7c80000,0x00000000d817e928,0x00000000d8180000)
  to   space 5120K, 0% used [0x00000000d8180000,0x00000000d8180000,0x00000000d8680000)
 ParOldGen       total 87552K, used 2630K [0x0000000081400000, 0x0000000086980000, 0x00000000d5c00000)
  object space 87552K, 3% used [0x0000000081400000,0x0000000081691ba0,0x0000000086980000)
 Metaspace       used 15746K, capacity 16102K, committed 16384K, reserved 1062912K
  class space    used 1825K, capacity 1949K, committed 2048K, reserved 1048576K
Event: 2.878 GC heap after
Heap after GC invocations=2 (full 0):
 PSYoungGen      total 38400K, used 5094K [0x00000000d5c00000, 0x00000000d8680000, 0x0000000100000000)
  eden space 33280K, 0% used [0x00000000d5c00000,0x00000000d5c00000,0x00000000d7c80000)
  from space 5120K, 99% used [0x00000000d8180000,0x00000000d8679b58,0x00000000d8680000)
  to   space 5120K, 0% used [0x00000000d7c80000,0x00000000d7c80000,0x00000000d8180000)
 ParOldGen       total 87552K, used 7754K [0x0000000081400000, 0x0000000086980000, 0x00000000d5c00000)
  object space 87552K, 8% used [0x0000000081400000,0x0000000081b92970,0x0000000086980000)
 Metaspace       used 15746K, capacity 16102K, committed 16384K, reserved 1062912K
  class space    used 1825K, capacity 1949K, committed 2048K, reserved 1048576K
}
Event: 3.345 GC heap before
{Heap before GC invocations=3 (full 0):
 PSYoungGen      total 38400K, used 25293K [0x00000000d5c00000, 0x00000000d8680000, 0x0000000100000000)
  eden space 33280K, 60% used [0x00000000d5c00000,0x00000000d6fb9a38,0x00000000d7c80000)
  from space 5120K, 99% used [0x00000000d8180000,0x00000000d8679b58,0x00000000d8680000)
  to   space 5120K, 0% used [0x00000000d7c80000,0x00000000d7c80000,0x00000000d8180000)
 ParOldGen       total 87552K, used 7754K [0x0000000081400000, 0x0000000086980000, 0x00000000d5c00000)
  object space 87552K, 8% used [0x0000000081400000,0x0000000081b92970,0x0000000086980000)
 Metaspace       used 20822K, capacity 21204K, committed 21248K, reserved 1069056K
  class space    used 2441K, capacity 2558K, committed 2560K, reserved 1048576K
Event: 3.357 GC heap after
Heap after GC invocations=3 (full 0):
 PSYoungGen      total 38400K, used 5114K [0x00000000d5c00000, 0x00000000da700000, 0x0000000100000000)
  eden space 33280K, 0% used [0x00000000d5c00000,0x00000000d5c00000,0x00000000d7c80000)
  from space 5120K, 99% used [0x00000000d7c80000,0x00000000d817eb78,0x00000000d8180000)
  to   space 5120K, 0% used [0x00000000da200000,0x00000000da200000,0x00000000da700000)
 ParOldGen       total 87552K, used 12247K [0x0000000081400000, 0x0000000086980000, 0x00000000d5c00000)
  object space 87552K, 13% used [0x0000000081400000,0x0000000081ff5f70,0x0000000086980000)
 Metaspace       used 20822K, capacity 21204K, committed 21248K, reserved 1069056K
  class space    used 2441K, capacity 2558K, committed 2560K, reserved 1048576K
}
Event: 3.357 GC heap before
{Heap before GC invocations=4 (full 1):
 PSYoungGen      total 38400K, used 5114K [0x00000000d5c00000, 0x00000000da700000, 0x0000000100000000)
  eden space 33280K, 0% used [0x00000000d5c00000,0x00000000d5c00000,0x00000000d7c80000)
  from space 5120K, 99% used [0x00000000d7c80000,0x00000000d817eb78,0x00000000d8180000)
  to   space 5120K, 0% used [0x00000000da200000,0x00000000da200000,0x00000000da700000)
 ParOldGen       total 87552K, used 12247K [0x0000000081400000, 0x0000000086980000, 0x00000000d5c00000)
  object space 87552K, 13% used [0x0000000081400000,0x0000000081ff5f70,0x0000000086980000)
 Metaspace       used 20822K, capacity 21204K, committed 21248K, reserved 1069056K
  class space    used 2441K, capacity 2558K, committed 2560K, reserved 1048576K
Event: 3.407 GC heap after
Heap after GC invocations=4 (full 1):
 PSYoungGen      total 38400K, used 0K [0x00000000d5c00000, 0x00000000da700000, 0x0000000100000000)
  eden space 33280K, 0% used [0x00000000d5c00000,0x00000000d5c00000,0x00000000d7c80000)
  from space 5120K, 0% used [0x00000000d7c80000,0x00000000d7c80000,0x00000000d8180000)
  to   space 5120K, 0% used [0x00000000da200000,0x00000000da200000,0x00000000da700000)
 ParOldGen       total 66560K, used 9622K [0x0000000081400000, 0x0000000085500000, 0x00000000d5c00000)
  object space 66560K, 14% used [0x0000000081400000,0x0000000081d658c8,0x0000000085500000)
 Metaspace       used 20822K, capacity 21204K, committed 21248K, reserved 1069056K
  class space    used 2441K, capacity 2558K, committed 2560K, reserved 1048576K
}

Deoptimization events (10 events):
Event: 3.233 Thread 0x0000000002799000 Uncommon trap: reason=class_check action=maybe_recompile pc=0x0000000002c2ed00 method=java.util.Collections$UnmodifiableCollection.size()I @ 4
Event: 3.233 Thread 0x0000000002799000 Uncommon trap: reason=class_check action=maybe_recompile pc=0x0000000002c4172c method=java.util.Collections$UnmodifiableList.get(I)Ljava/lang/Object; @ 5
Event: 3.233 Thread 0x0000000002799000 Uncommon trap: reason=class_check action=maybe_recompile pc=0x0000000002c4172c method=java.util.Collections$UnmodifiableList.get(I)Ljava/lang/Object; @ 5
Event: 3.235 Thread 0x0000000002799000 Uncommon trap: reason=class_check action=maybe_recompile pc=0x0000000002c2ed00 method=java.util.Collections$UnmodifiableCollection.size()I @ 4
Event: 3.235 Thread 0x0000000002799000 Uncommon trap: reason=class_check action=maybe_recompile pc=0x0000000002c4172c method=java.util.Collections$UnmodifiableList.get(I)Ljava/lang/Object; @ 5
Event: 3.235 Thread 0x0000000002799000 Uncommon trap: reason=class_check action=maybe_recompile pc=0x0000000002c4172c method=java.util.Collections$UnmodifiableList.get(I)Ljava/lang/Object; @ 5
Event: 3.237 Thread 0x0000000002799000 Uncommon trap: reason=unstable_if action=reinterpret pc=0x0000000002a5e148 method=java.lang.String.startsWith(Ljava/lang/String;I)Z @ 25
Event: 3.440 Thread 0x0000000002799000 Uncommon trap: reason=unstable_if action=reinterpret pc=0x0000000002cf29f4 method=sun.misc.MetaIndex.mayContain(Ljava/lang/String;)Z @ 38
Event: 3.441 Thread 0x0000000002799000 Uncommon trap: reason=unstable_if action=reinterpret pc=0x0000000002ad2ba0 method=sun.misc.MetaIndex.mayContain(Ljava/lang/String;)Z @ 38
Event: 3.677 Thread 0x0000000002799000 Uncommon trap: reason=unstable_if action=reinterpret pc=0x0000000002c48224 method=java.lang.String.<init>([CII)V @ 18

Classes redefined (0 events):
No events

Internal exceptions (10 events):
Event: 1.390 Thread 0x0000000002799000 Exception <a 'java/security/PrivilegedActionException'> (0x00000000d6b202f8) thrown at [C:\src\AOSP-openjdk-git\hotspot\src\share\vm\prims\jvm.cpp, line 1502]
Event: 1.390 Thread 0x0000000002799000 Exception <a 'java/security/PrivilegedActionException'> (0x00000000d6b21e38) thrown at [C:\src\AOSP-openjdk-git\hotspot\src\share\vm\prims\jvm.cpp, line 1502]
Event: 1.391 Thread 0x0000000002799000 Exception <a 'java/security/PrivilegedActionException'> (0x00000000d6b22230) thrown at [C:\src\AOSP-openjdk-git\hotspot\src\share\vm\prims\jvm.cpp, line 1502]
Event: 1.780 Thread 0x0000000002799000 Exception <a 'java/lang/ArrayIndexOutOfBoundsException'> (0x00000000d7877060) thrown at [C:\src\AOSP-openjdk-git\hotspot\src\share\vm\runtime\sharedRuntime.cpp, line 605]
Event: 2.127 Thread 0x0000000002799000 Exception <a 'java/lang/ArrayIndexOutOfBoundsException'> (0x00000000d61e20a0) thrown at [C:\src\AOSP-openjdk-git\hotspot\src\share\vm\runtime\sharedRuntime.cpp, line 605]
Event: 2.942 Thread 0x0000000002799000 Exception <a 'java/lang/NoSuchMethodError': java.lang.Object.lambda$comparing$77a9974f$1(Ljava/util/function/Function;Ljava/lang/Object;Ljava/lang/Object;)I> (0x00000000d5eede18) thrown at [C:\src\AOSP-openjdk-git\hotspot\src\share\vm\interpreter\linkReso
Event: 2.968 Thread 0x0000000002799000 Exception <a 'java/lang/NoSuchMethodError': java.lang.Object.lambda$static$0()J> (0x00000000d602c990) thrown at [C:\src\AOSP-openjdk-git\hotspot\src\share\vm\interpreter\linkResolver.cpp, line 620]
Event: 3.168 Thread 0x0000000002799000 Exception <a 'java/lang/NoSuchMethodError': java.lang.Object.lambda$static$0(I)[Lorg/jetbrains/kotlin/com/intellij/openapi/editor/event/DocumentListener;> (0x00000000d679cc00) thrown at [C:\src\AOSP-openjdk-git\hotspot\src\share\vm\interpreter\linkResolve
Event: 3.212 Thread 0x0000000002799000 Exception <a 'java/lang/NoSuchMethodError': java.lang.Object.lambda$static$0(I)[Lorg/jetbrains/kotlin/com/intellij/psi/PsiAnnotation;> (0x00000000d69c5478) thrown at [C:\src\AOSP-openjdk-git\hotspot\src\share\vm\interpreter\linkResolver.cpp, line 620]
Event: 3.422 Thread 0x0000000002799000 Exception <a 'java/lang/NoSuchMethodError': java.lang.Object.lambda$static$0(I)[Lorg/jetbrains/kotlin/com/intellij/psi/PsiElement;> (0x00000000d5c92630) thrown at [C:\src\AOSP-openjdk-git\hotspot\src\share\vm\interpreter\linkResolver.cpp, line 620]

Events (10 events):
Event: 3.589 loading class gnu/trove/THashMap$Entry done
Event: 3.590 loading class java/util/AbstractMap$SimpleEntry
Event: 3.590 loading class java/util/AbstractMap$SimpleEntry done
Event: 3.596 loading class java/util/zip/ZipUtils
Event: 3.597 loading class java/util/zip/ZipUtils done
Event: 3.677 Thread 0x0000000002799000 Uncommon trap: trap_request=0xffffff65 fr.pc=0x0000000002c48224
Event: 3.677 Thread 0x0000000002799000 DEOPT PACKING pc=0x0000000002c48224 sp=0x000000000277e130
Event: 3.677 Thread 0x0000000002799000 DEOPT UNPACKING pc=0x00000000028e557b sp=0x000000000277e0a0 mode 2
Event: 3.891 Thread 0x0000000002799000 DEOPT PACKING pc=0x0000000002abec4d sp=0x000000000277e440
Event: 3.891 Thread 0x0000000002799000 DEOPT UNPACKING pc=0x00000000028e75d0 sp=0x000000000277e190 mode 0


Dynamic libraries:
0x00007ff7dd570000 - 0x00007ff7dd5a1000 	C:\Program Files\Android\Android Studio1\jre\jre\bin\java.exe
0x00007ffa21900000 - 0x00007ffa21af0000 	C:\WINDOWS\SYSTEM32\ntdll.dll
0x00007ffa21070000 - 0x00007ffa21122000 	C:\WINDOWS\System32\KERNEL32.DLL
0x00007ffa1f470000 - 0x00007ffa1f714000 	C:\WINDOWS\System32\KERNELBASE.dll
0x00007ffa1fd30000 - 0x00007ffa1fdd3000 	C:\WINDOWS\System32\ADVAPI32.dll
0x00007ffa1fe00000 - 0x00007ffa1fe9e000 	C:\WINDOWS\System32\msvcrt.dll
0x00007ffa20a70000 - 0x00007ffa20b07000 	C:\WINDOWS\System32\sechost.dll
0x00007ffa20b10000 - 0x00007ffa20c30000 	C:\WINDOWS\System32\RPCRT4.dll
0x00007ffa21230000 - 0x00007ffa213c4000 	C:\WINDOWS\System32\USER32.dll
0x00007ffa1f7c0000 - 0x00007ffa1f7e1000 	C:\WINDOWS\System32\win32u.dll
0x00007ffa216a0000 - 0x00007ffa216c6000 	C:\WINDOWS\System32\GDI32.dll
0x00007ffa1f010000 - 0x00007ffa1f1a5000 	C:\WINDOWS\System32\gdi32full.dll
0x00007ffa1f720000 - 0x00007ffa1f7be000 	C:\WINDOWS\System32\msvcp_win.dll
0x00007ffa1f310000 - 0x00007ffa1f40a000 	C:\WINDOWS\System32\ucrtbase.dll
0x00007ffa14370000 - 0x00007ffa145f4000 	C:\WINDOWS\WinSxS\amd64_microsoft.windows.common-controls_6595b64144ccf1df_6.0.18362.900_none_e6beb9d913147d17\COMCTL32.dll
0x00007ffa20ca0000 - 0x00007ffa20fd5000 	C:\WINDOWS\System32\combase.dll
0x00007ffa1f1b0000 - 0x00007ffa1f230000 	C:\WINDOWS\System32\bcryptPrimitives.dll
0x00007ffa21200000 - 0x00007ffa2122e000 	C:\WINDOWS\System32\IMM32.DLL
0x00000000542e0000 - 0x00000000543b2000 	C:\Program Files\Android\Android Studio1\jre\jre\bin\msvcr100.dll
0x0000000054d50000 - 0x000000005559b000 	C:\Program Files\Android\Android Studio1\jre\jre\bin\server\jvm.dll
0x00007ffa215e0000 - 0x00007ffa215e8000 	C:\WINDOWS\System32\PSAPI.DLL
0x00007ffa1d2c0000 - 0x00007ffa1d2c9000 	C:\WINDOWS\SYSTEM32\WSOCK32.dll
0x00007ffa216d0000 - 0x00007ffa2173f000 	C:\WINDOWS\System32\WS2_32.dll
0x00007ffa14a30000 - 0x00007ffa14a54000 	C:\WINDOWS\SYSTEM32\WINMM.dll
0x00007ffa18780000 - 0x00007ffa1878a000 	C:\WINDOWS\SYSTEM32\VERSION.dll
0x00007ffa14a00000 - 0x00007ffa14a2d000 	C:\WINDOWS\SYSTEM32\WINMMBASE.dll
0x00007ffa1f7f0000 - 0x00007ffa1f83a000 	C:\WINDOWS\System32\cfgmgr32.dll
0x00007ff9e3c50000 - 0x00007ff9e3c5f000 	C:\Program Files\Android\Android Studio1\jre\jre\bin\verify.dll
0x00007ff9e3c20000 - 0x00007ff9e3c49000 	C:\Program Files\Android\Android Studio1\jre\jre\bin\java.dll
0x00007ff9d7d10000 - 0x00007ff9d7d26000 	C:\Program Files\Android\Android Studio1\jre\jre\bin\zip.dll
0x00007ffa1ff10000 - 0x00007ffa205f6000 	C:\WINDOWS\System32\SHELL32.dll
0x00007ffa215f0000 - 0x00007ffa21699000 	C:\WINDOWS\System32\shcore.dll
0x00007ffa1e890000 - 0x00007ffa1f010000 	C:\WINDOWS\System32\windows.storage.dll
0x00007ffa1e840000 - 0x00007ffa1e863000 	C:\WINDOWS\System32\profapi.dll
0x00007ffa1e7f0000 - 0x00007ffa1e83a000 	C:\WINDOWS\System32\powrprof.dll
0x00007ffa1e7c0000 - 0x00007ffa1e7d0000 	C:\WINDOWS\System32\UMPDC.dll
0x00007ffa1f9b0000 - 0x00007ffa1fa02000 	C:\WINDOWS\System32\shlwapi.dll
0x00007ffa1e870000 - 0x00007ffa1e881000 	C:\WINDOWS\System32\kernel.appcore.dll
0x00007ffa1f840000 - 0x00007ffa1f857000 	C:\WINDOWS\System32\cryptsp.dll
0x00007ff9d7c10000 - 0x00007ff9d7c2a000 	C:\Program Files\Android\Android Studio1\jre\jre\bin\net.dll
0x00007ffa1e030000 - 0x00007ffa1e097000 	C:\WINDOWS\system32\mswsock.dll
0x00007ff9d7bf0000 - 0x00007ff9d7c03000 	C:\Program Files\Android\Android Studio1\jre\jre\bin\nio.dll

VM Arguments:
java_command: org.jetbrains.kotlin.cli.jvm.K2JVMCompiler -Xallow-no-source-files -classpath C:\AppJam\InventoryBox_Android\app\build\intermediates\compile_and_runtime_not_namespaced_r_class_jar\debug\R.jar;C:\Users\sungeun.LAPTOP-1M0OE2V8.000\.gradle\caches\transforms-2\files-2.1\d8ecf77db437180f5945578a4d2539b5\jetified-kotlin-android-extensions-runtime-1.3.72.jar;C:\Users\sungeun.LAPTOP-1M0OE2V8.000\.gradle\caches\transforms-2\files-2.1\58717fd35b9f8892fe9be42af9e828a2\jetified-core-ktx-1.3.0-api.jar;C:\Users\sungeun.LAPTOP-1M0OE2V8.000\.gradle\caches\transforms-2\files-2.1\d7918a34a298ce6afd050963fe8285f4\jetified-kotlin-stdlib-1.3.72.jar;C:\Users\sungeun.LAPTOP-1M0OE2V8.000\.gradle\caches\transforms-2\files-2.1\7a610442c037d944b5571b97c8bc4008\jetified-kotlin-stdlib-common-1.3.72.jar;C:\Users\sungeun.LAPTOP-1M0OE2V8.000\.gradle\caches\transforms-2\files-2.1\b5ebe2cccd14b8a63e84eff597aa9d39\jetified-annotations-13.0.jar;C:\Users\sungeun.LAPTOP-1M0OE2V8.000\.gradle\caches\transforms-2\files-2.1\c2b2e2e368b3224b60d15e72b9c12dee\material-1.2.0-alpha05-api.jar;C:\Users\sungeun.LAPTOP-1M0OE2V8.000\.gradle\caches\transforms-2\files-2.1\dc6c8785fc06b131651f3f15e310a71a\jetified-StickyScrollView-1.0.2-api.jar;C:\Users\sungeun.LAPTOP-1M0OE2V8.000\.gradle\caches\transforms-2\files-2.1\6346ad293ce0dc7ca4519590745d37e2\appcompat-1.1.0-api.jar;C:\Users\sungeun.LAPTOP-1M0OE2V8.000\.gradle\caches\transforms-2\files-2.1\d0c63a7a101654decc65ae73e9257b33\jetified-viewpager2-1.0.0-api.jar;C:\Users\sungeun.LAPTOP-1M0OE2V8.000\.gradle\caches\transforms-2\files-2.1\b6bed05d1c4106fab5126f54516d34fa\recyclerview-1.1.0-api.jar;C:\Users\sungeun.LAPTOP-1M0OE2V8.000\.gradle\caches\transforms-2\files-2.1\a654dbdeb19d276b1e74544c5dcd40fe\cardview-1.0.0-api.jar;C:\Users\sungeun.LAPTOP-1M0OE2V8.000\.gradle\caches\transforms-2\files-2.1\52ffba07ad8b54236a2ba29ebd514b8b\legacy-support-v4-1.0.0-api.jar;C:\Users\sungeun.LAPTOP-1M0OE2V8.000\.gradle\caches\transforms-2\files-2.1\76ac490a79001efa758
java_class_path (initial): C:\Users\sungeun.LAPTOP-1M0OE2V8.000\.gradle\caches\modules-2\files-2.1\org.jetbrains.kotlin\kotlin-compiler-embeddable\1.3.72\fb72232c8fa977d5e07d33c43381ddbdc5edab6\kotlin-compiler-embeddable-1.3.72.jar;C:\Users\sungeun.LAPTOP-1M0OE2V8.000\.gradle\caches\modules-2\files-2.1\org.jetbrains.kotlin\kotlin-reflect\1.3.72\86613e1a669a701b0c660bfd2af4f82a7ae11fca\kotlin-reflect-1.3.72.jar;C:\Users\sungeun.LAPTOP-1M0OE2V8.000\.gradle\caches\modules-2\files-2.1\org.jetbrains.kotlin\kotlin-stdlib\1.3.72\8032138f12c0180bc4e51fe139d4c52b46db6109\kotlin-stdlib-1.3.72.jar;C:\Users\sungeun.LAPTOP-1M0OE2V8.000\.gradle\caches\modules-2\files-2.1\org.jetbrains.kotlin\kotlin-script-runtime\1.3.72\657d8d34d91e1964b4439378c09933e840bfe8d5\kotlin-script-runtime-1.3.72.jar;C:\Users\sungeun.LAPTOP-1M0OE2V8.000\.gradle\caches\modules-2\files-2.1\org.jetbrains.kotlin\kotlin-daemon-embeddable\1.3.72\53bbaa2816dbf6bdb85f629451b1fcc88f2164d2\kotlin-daemon-embeddable-1.3.72.jar;C:\Users\sungeun.LAPTOP-1M0OE2V8.000\.gradle\caches\modules-2\files-2.1\org.jetbrains.intellij.deps\trove4j\1.0.20181211\216c2e14b070f334479d800987affe4054cd563f\trove4j-1.0.20181211.jar;C:\Users\sungeun.LAPTOP-1M0OE2V8.000\.gradle\caches\modules-2\files-2.1\org.jetbrains.kotlin\kotlin-stdlib-common\1.3.72\6ca8bee3d88957eaaaef077c41c908c9940492d8\kotlin-stdlib-common-1.3.72.jar;C:\Users\sungeun.LAPTOP-1M0OE2V8.000\.gradle\caches\modules-2\files-2.1\org.jetbrains\annotations\13.0\919f0dfe192fb4e063e7dacadee7f8bb9a2672a9\annotations-13.0.jar;C:\Program Files\Android\Android Studio1\jre\lib\tools.jar
Launcher Type: SUN_STANDARD

Environment Variables:
JAVA_HOME=C:\Program Files\Java\jdk-9.0.4
CLASSPATH=.;C:\Program Files\Java\jre-9.0.4\bin
PATH=C:\Program Files\Java\jdk-9.0.4\bin;C:\ProgramData\Oracle\Java\javapath;C:\Program Files (x86)\Common Files\Intel\Shared Libraries\redist\intel64\compiler;C:\Program Files (x86)\Python36-32\Scripts\;C:\Program Files (x86)\Python36-32\;C:\Program Files (x86)\Intel\iCLS Client\;C:\Program Files\Intel\iCLS Client\;C:\WINDOWS\system32;C:\WINDOWS;C:\WINDOWS\System32\Wbem;C:\WINDOWS\System32\WindowsPowerShell\v1.0\;C:\Program Files (x86)\Intel\Intel(R) Management Engine Components\DAL;C:\Program Files\Intel\Intel(R) Management Engine Components\DAL;C:\Program Files (x86)\Intel\Intel(R) Management Engine Components\IPT;C:\Program Files\Intel\Intel(R) Management Engine Components\IPT;C:\Program Files (x86)\Windows Kits\10\Windows Performance Toolkit\;C:\MinGW\bin;C:\Program Files\Intel\WiFi\bin\;C:\Program Files\Common Files\Intel\WirelessCommon\;C:\WINDOWS\System32\OpenSSH\;C:\Apache24\bin;C:\Program Files\MySQL\MySQL Utilities 1.6\bin;C:\Program Files\MySQL\MySQL Server 8.0\bin;C:\Program Files\Git\cmd;C:\Users\sungeun.LAPTOP-1M0OE2V8.000\AppData\Local\Julia-1.2.0\bin;C:\Users\sungeun.LAPTOP-1M0OE2V8.000\AppData\Local\Programs\Python\Python36\Scripts\;C:\Users\sungeun.LAPTOP-1M0OE2V8.000\AppData\Local\Programs\Python\Python36\;C:\Users\sungeun.LAPTOP-1M0OE2V8.000\AppData\Local\Microsoft\WindowsApps;C:\Users\sungeun.LAPTOP-1M0OE2V8.000\AppData\Local\atom\bin
USERNAME=sungeun
OS=Windows_NT
PROCESSOR_IDENTIFIER=Intel64 Family 6 Model 78 Stepping 3, GenuineIntel



---------------  S Y S T E M  ---------------

OS: Windows 10.0 , 64 bit Build 18362 (10.0.18362.900)

CPU:total 4 (initial active 4) (2 cores per cpu, 2 threads per core) family 6 model 78 stepping 3, cmov, cx8, fxsr, mmx, sse, sse2, sse3, ssse3, sse4.1, sse4.2, popcnt, avx, avx2, aes, clmul, erms, 3dnowpref, lzcnt, ht, tsc, tscinvbit, bmi1, bmi2, adx

Memory: 4k page, physical 8304472k(343064k free), swap 18714352k(7016k free)

vm_info: OpenJDK 64-Bit Server VM (25.242-b01) for windows-amd64 JRE (1.8.0_242-release-1644-b01), built by "builder" with MS VC++ 10.0 (VS2010)

time: Thu Jul 02 16:03:10 2020
timezone: 대한민국 표준시
elapsed time: 3 seconds (0d 0h 0m 3s)

