#
# There is insufficient memory for the Java Runtime Environment to continue.
# Native memory allocation (malloc) failed to allocate 1200576 bytes for Chunk::new
# Possible reasons:
#   The system is out of physical RAM or swap space
#   The process is running with CompressedOops enabled, and the Java Heap may be blocking the growth of the native heap
# Possible solutions:
#   Reduce memory load on the system
#   Increase physical memory or swap space
#   Check if swap backing store is full
#   Decrease Java heap size (-Xmx/-Xms)
#   Decrease number of Java threads
#   Decrease Java thread stack sizes (-Xss)
#   Set larger code cache with -XX:ReservedCodeCacheSize=
#   JVM is running with Unscaled Compressed Oops mode in which the Java heap is
#     placed in the first 4GB address space. The Java Heap base address is the
#     maximum limit for the native heap growth. Please use -XX:HeapBaseMinAddress
#     to set the Java Heap base and to place the Java Heap above 4GB virtual address.
# This output file may be truncated or incomplete.
#
#  Out of Memory Error (allocation.cpp:389), pid=169848, tid=0x000000000002cce0
#
# JRE version: OpenJDK Runtime Environment (8.0_242-b01) (build 1.8.0_242-release-1644-b01)
# Java VM: OpenJDK 64-Bit Server VM (25.242-b01 mixed mode windows-amd64 compressed oops)
# Failed to write core dump. Minidumps are not enabled by default on client versions of Windows
#

---------------  T H R E A D  ---------------

Current thread (0x000000001809d000):  JavaThread "C2 CompilerThread2" daemon [_thread_in_native, id=183520, stack(0x000000001a920000,0x000000001aa20000)]

Stack: [0x000000001a920000,0x000000001aa20000]
[error occurred during error reporting (printing stack bounds), id 0xc0000005]

Native frames: (J=compiled Java code, j=interpreted, Vv=VM code, C=native code)


Current CompileTask:
C2:  13697 1639       4       java.net.URLClassLoader$1::run (5 bytes)


---------------  P R O C E S S  ---------------

Java Threads: ( => current thread )
  0x0000000019fa4800 JavaThread "Service Thread" daemon [_thread_blocked, id=181016, stack(0x000000001ab20000,0x000000001ac20000)]
  0x0000000019f81000 JavaThread "C1 CompilerThread3" daemon [_thread_blocked, id=177284, stack(0x000000001aa20000,0x000000001ab20000)]
=>0x000000001809d000 JavaThread "C2 CompilerThread2" daemon [_thread_in_native, id=183520, stack(0x000000001a920000,0x000000001aa20000)]
  0x0000000019f1c800 JavaThread "C2 CompilerThread1" daemon [_thread_blocked, id=167012, stack(0x000000001a820000,0x000000001a920000)]
  0x0000000019f19800 JavaThread "C2 CompilerThread0" daemon [_thread_blocked, id=135496, stack(0x000000001a720000,0x000000001a820000)]
  0x0000000019ec6800 JavaThread "Attach Listener" daemon [_thread_blocked, id=183852, stack(0x000000001a620000,0x000000001a720000)]
  0x0000000019ec5800 JavaThread "Signal Dispatcher" daemon [_thread_blocked, id=183928, stack(0x000000001a520000,0x000000001a620000)]
  0x0000000018091000 JavaThread "Finalizer" daemon [_thread_blocked, id=175548, stack(0x000000001a380000,0x000000001a480000)]
  0x0000000019ea0800 JavaThread "Reference Handler" daemon [_thread_blocked, id=137960, stack(0x000000001a280000,0x000000001a380000)]
  0x0000000003058000 JavaThread "main" [_thread_in_vm, id=163236, stack(0x0000000002f50000,0x0000000003050000)]

Other Threads:
  0x000000000314e000 VMThread [stack: 0x0000000019d80000,0x0000000019e80000] [id=175528]
  0x0000000019fa5000 WatcherThread [stack: 0x000000001ac20000,0x000000001ad20000] [id=183768]

VM state:not at safepoint (normal execution)

VM Mutex/Monitor currently owned by a thread: None

heap address: 0x0000000082800000, size: 2008 MB, Compressed Oops mode: 32-bit
Narrow klass base: 0x0000000000000000, Narrow klass shift: 3
Compressed class space size: 1073741824 Address: 0x0000000100000000

Heap:
 PSYoungGen      total 37888K, used 4009K [0x00000000d6300000, 0x00000000d8d00000, 0x0000000100000000)
  eden space 32768K, 12% used [0x00000000d6300000,0x00000000d66ea630,0x00000000d8300000)
  from space 5120K, 0% used [0x00000000d8300000,0x00000000d8300000,0x00000000d8800000)
  to   space 5120K, 0% used [0x00000000d8800000,0x00000000d8800000,0x00000000d8d00000)
 ParOldGen       total 66560K, used 9604K [0x0000000082800000, 0x0000000086900000, 0x00000000d6300000)
  object space 66560K, 14% used [0x0000000082800000,0x0000000083161158,0x0000000086900000)
 Metaspace       used 21997K, capacity 22560K, committed 22784K, reserved 1069056K
  class space    used 2617K, capacity 2770K, committed 2816K, reserved 1048576K

Card table byte_map: [0x0000000012530000,0x0000000012920000] byte_map_base: 0x000000001211c000

Marking Bits: (ParMarkBitMap*) 0x000000006999f030
 Begin Bits: [0x00000000133c0000, 0x0000000015320000)
 End Bits:   [0x0000000015320000, 0x0000000017280000)

Polling page: 0x0000000001300000

CodeCache: size=245760Kb used=5118Kb max_used=5135Kb free=240641Kb
 bounds [0x0000000003170000, 0x0000000003680000, 0x0000000012170000]
 total_blobs=2052 nmethods=1651 adapters=314
 compilation: enabled

Compilation events (10 events):
Event: 13.450 Thread 0x0000000019f19800 1648   !   4       java.util.zip.ZipFile::getEntry (101 bytes)
Event: 13.459 Thread 0x0000000019f81000 1649       3       java.lang.String::compareTo (78 bytes)
Event: 13.460 Thread 0x0000000019f81000 nmethod 1649 0x000000000366b250 code [0x000000000366b3c0, 0x000000000366b710]
Event: 13.461 Thread 0x0000000019f81000 1650       1       java.io.File::getPrefixLength (5 bytes)
Event: 13.461 Thread 0x0000000019f81000 nmethod 1650 0x0000000003666210 code [0x0000000003666360, 0x0000000003666470]
Event: 13.544 Thread 0x0000000019f1c800 1651       4       java.util.jar.JarFile::getEntry (22 bytes)
Event: 13.564 Thread 0x0000000019f19800 nmethod 1648 0x000000000366f990 code [0x000000000366fc60, 0x0000000003671040]
Event: 13.635 Thread 0x0000000019f19800 1652       4       java.lang.String::startsWith (72 bytes)
Event: 13.648 Thread 0x0000000019f19800 nmethod 1652 0x000000000366c790 code [0x000000000366c8e0, 0x000000000366cab8]
Event: 13.683 Thread 0x0000000019f1c800 nmethod 1651 0x00000000036758d0 code [0x0000000003675ba0, 0x0000000003677240]

GC Heap History (8 events):
Event: 5.864 GC heap before
{Heap before GC invocations=1 (full 0):
 PSYoungGen      total 37888K, used 32768K [0x00000000d6300000, 0x00000000d8d00000, 0x0000000100000000)
  eden space 32768K, 100% used [0x00000000d6300000,0x00000000d8300000,0x00000000d8300000)
  from space 5120K, 0% used [0x00000000d8800000,0x00000000d8800000,0x00000000d8d00000)
  to   space 5120K, 0% used [0x00000000d8300000,0x00000000d8300000,0x00000000d8800000)
 ParOldGen       total 86016K, used 0K [0x0000000082800000, 0x0000000087c00000, 0x00000000d6300000)
  object space 86016K, 0% used [0x0000000082800000,0x0000000082800000,0x0000000087c00000)
 Metaspace       used 10049K, capacity 10204K, committed 10368K, reserved 1058816K
  class space    used 1088K, capacity 1148K, committed 1152K, reserved 1048576K
Event: 5.892 GC heap after
Heap after GC invocations=1 (full 0):
 PSYoungGen      total 37888K, used 5105K [0x00000000d6300000, 0x00000000d8d00000, 0x0000000100000000)
  eden space 32768K, 0% used [0x00000000d6300000,0x00000000d6300000,0x00000000d8300000)
  from space 5120K, 99% used [0x00000000d8300000,0x00000000d87fc5d8,0x00000000d8800000)
  to   space 5120K, 0% used [0x00000000d8800000,0x00000000d8800000,0x00000000d8d00000)
 ParOldGen       total 86016K, used 2778K [0x0000000082800000, 0x0000000087c00000, 0x00000000d6300000)
  object space 86016K, 3% used [0x0000000082800000,0x0000000082ab6bb0,0x0000000087c00000)
 Metaspace       used 10049K, capacity 10204K, committed 10368K, reserved 1058816K
  class space    used 1088K, capacity 1148K, committed 1152K, reserved 1048576K
}
Event: 10.054 GC heap before
{Heap before GC invocations=2 (full 0):
 PSYoungGen      total 37888K, used 37873K [0x00000000d6300000, 0x00000000d8d00000, 0x0000000100000000)
  eden space 32768K, 100% used [0x00000000d6300000,0x00000000d8300000,0x00000000d8300000)
  from space 5120K, 99% used [0x00000000d8300000,0x00000000d87fc5d8,0x00000000d8800000)
  to   space 5120K, 0% used [0x00000000d8800000,0x00000000d8800000,0x00000000d8d00000)
 ParOldGen       total 86016K, used 2778K [0x0000000082800000, 0x0000000087c00000, 0x00000000d6300000)
  object space 86016K, 3% used [0x0000000082800000,0x0000000082ab6bb0,0x0000000087c00000)
 Metaspace       used 15747K, capacity 16102K, committed 16384K, reserved 1062912K
  class space    used 1825K, capacity 1949K, committed 2048K, reserved 1048576K
Event: 10.091 GC heap after
Heap after GC invocations=2 (full 0):
 PSYoungGen      total 37888K, used 5106K [0x00000000d6300000, 0x00000000d8d00000, 0x0000000100000000)
  eden space 32768K, 0% used [0x00000000d6300000,0x00000000d6300000,0x00000000d8300000)
  from space 5120K, 99% used [0x00000000d8800000,0x00000000d8cfcb60,0x00000000d8d00000)
  to   space 5120K, 0% used [0x00000000d8300000,0x00000000d8300000,0x00000000d8800000)
 ParOldGen       total 86016K, used 7916K [0x0000000082800000, 0x0000000087c00000, 0x00000000d6300000)
  object space 86016K, 9% used [0x0000000082800000,0x0000000082fbb098,0x0000000087c00000)
 Metaspace       used 15747K, capacity 16102K, committed 16384K, reserved 1062912K
  class space    used 1825K, capacity 1949K, committed 2048K, reserved 1048576K
}
Event: 12.456 GC heap before
{Heap before GC invocations=3 (full 0):
 PSYoungGen      total 37888K, used 24986K [0x00000000d6300000, 0x00000000d8d00000, 0x0000000100000000)
  eden space 32768K, 60% used [0x00000000d6300000,0x00000000d7669dd0,0x00000000d8300000)
  from space 5120K, 99% used [0x00000000d8800000,0x00000000d8cfcb60,0x00000000d8d00000)
  to   space 5120K, 0% used [0x00000000d8300000,0x00000000d8300000,0x00000000d8800000)
 ParOldGen       total 86016K, used 7916K [0x0000000082800000, 0x0000000087c00000, 0x00000000d6300000)
  object space 86016K, 9% used [0x0000000082800000,0x0000000082fbb098,0x0000000087c00000)
 Metaspace       used 20837K, capacity 21208K, committed 21248K, reserved 1069056K
  class space    used 2441K, capacity 2558K, committed 2560K, reserved 1048576K
Event: 12.488 GC heap after
Heap after GC invocations=3 (full 0):
 PSYoungGen      total 37888K, used 5097K [0x00000000d6300000, 0x00000000d8d00000, 0x0000000100000000)
  eden space 32768K, 0% used [0x00000000d6300000,0x00000000d6300000,0x00000000d8300000)
  from space 5120K, 99% used [0x00000000d8300000,0x00000000d87fa610,0x00000000d8800000)
  to   space 5120K, 0% used [0x00000000d8800000,0x00000000d8800000,0x00000000d8d00000)
 ParOldGen       total 86016K, used 12388K [0x0000000082800000, 0x0000000087c00000, 0x00000000d6300000)
  object space 86016K, 14% used [0x0000000082800000,0x0000000083419178,0x0000000087c00000)
 Metaspace       used 20837K, capacity 21208K, committed 21248K, reserved 1069056K
  class space    used 2441K, capacity 2558K, committed 2560K, reserved 1048576K
}
Event: 12.488 GC heap before
{Heap before GC invocations=4 (full 1):
 PSYoungGen      total 37888K, used 5097K [0x00000000d6300000, 0x00000000d8d00000, 0x0000000100000000)
  eden space 32768K, 0% used [0x00000000d6300000,0x00000000d6300000,0x00000000d8300000)
  from space 5120K, 99% used [0x00000000d8300000,0x00000000d87fa610,0x00000000d8800000)
  to   space 5120K, 0% used [0x00000000d8800000,0x00000000d8800000,0x00000000d8d00000)
 ParOldGen       total 86016K, used 12388K [0x0000000082800000, 0x0000000087c00000, 0x00000000d6300000)
  object space 86016K, 14% used [0x0000000082800000,0x0000000083419178,0x0000000087c00000)
 Metaspace       used 20837K, capacity 21208K, committed 21248K, reserved 1069056K
  class space    used 2441K, capacity 2558K, committed 2560K, reserved 1048576K
Event: 12.631 GC heap after
Heap after GC invocations=4 (full 1):
 PSYoungGen      total 37888K, used 0K [0x00000000d6300000, 0x00000000d8d00000, 0x0000000100000000)
  eden space 32768K, 0% used [0x00000000d6300000,0x00000000d6300000,0x00000000d8300000)
  from space 5120K, 0% used [0x00000000d8300000,0x00000000d8300000,0x00000000d8800000)
  to   space 5120K, 0% used [0x00000000d8800000,0x00000000d8800000,0x00000000d8d00000)
 ParOldGen       total 66560K, used 9604K [0x0000000082800000, 0x0000000086900000, 0x00000000d6300000)
  object space 66560K, 14% used [0x0000000082800000,0x0000000083161158,0x0000000086900000)
 Metaspace       used 20837K, capacity 21208K, committed 21248K, reserved 1069056K
  class space    used 2441K, capacity 2558K, committed 2560K, reserved 1048576K
}

Deoptimization events (10 events):
Event: 11.289 Thread 0x0000000003058000 Uncommon trap: reason=unstable_if action=reinterpret pc=0x00000000035a4350 method=sun.reflect.annotation.AnnotationInvocationHandler.invoke(Ljava/lang/Object;Ljava/lang/reflect/Method;[Ljava/lang/Object;)Ljava/lang/Object; @ 255
Event: 11.990 Thread 0x0000000003058000 Uncommon trap: reason=class_check action=maybe_recompile pc=0x0000000003500500 method=java.util.Collections$UnmodifiableCollection.size()I @ 4
Event: 11.990 Thread 0x0000000003058000 Uncommon trap: reason=class_check action=maybe_recompile pc=0x0000000003509aac method=java.util.Collections$UnmodifiableList.get(I)Ljava/lang/Object; @ 5
Event: 11.991 Thread 0x0000000003058000 Uncommon trap: reason=class_check action=maybe_recompile pc=0x0000000003509aac method=java.util.Collections$UnmodifiableList.get(I)Ljava/lang/Object; @ 5
Event: 12.001 Thread 0x0000000003058000 Uncommon trap: reason=class_check action=maybe_recompile pc=0x0000000003500500 method=java.util.Collections$UnmodifiableCollection.size()I @ 4
Event: 12.001 Thread 0x0000000003058000 Uncommon trap: reason=class_check action=maybe_recompile pc=0x0000000003509aac method=java.util.Collections$UnmodifiableList.get(I)Ljava/lang/Object; @ 5
Event: 12.002 Thread 0x0000000003058000 Uncommon trap: reason=class_check action=maybe_recompile pc=0x0000000003509aac method=java.util.Collections$UnmodifiableList.get(I)Ljava/lang/Object; @ 5
Event: 12.007 Thread 0x0000000003058000 Uncommon trap: reason=unstable_if action=reinterpret pc=0x000000000332df48 method=java.lang.String.startsWith(Ljava/lang/String;I)Z @ 25
Event: 12.800 Thread 0x0000000003058000 Uncommon trap: reason=unstable_if action=reinterpret pc=0x00000000035c52c4 method=sun.misc.MetaIndex.mayContain(Ljava/lang/String;)Z @ 38
Event: 12.804 Thread 0x0000000003058000 Uncommon trap: reason=unstable_if action=reinterpret pc=0x0000000003398620 method=sun.misc.MetaIndex.mayContain(Ljava/lang/String;)Z @ 38

Classes redefined (0 events):
No events

Internal exceptions (10 events):
Event: 3.468 Thread 0x0000000003058000 Exception <a 'java/security/PrivilegedActionException'> (0x00000000d71eea48) thrown at [C:\src\AOSP-openjdk-git\hotspot\src\share\vm\prims\jvm.cpp, line 1502]
Event: 3.469 Thread 0x0000000003058000 Exception <a 'java/security/PrivilegedActionException'> (0x00000000d71f0538) thrown at [C:\src\AOSP-openjdk-git\hotspot\src\share\vm\prims\jvm.cpp, line 1502]
Event: 3.469 Thread 0x0000000003058000 Exception <a 'java/security/PrivilegedActionException'> (0x00000000d71f0930) thrown at [C:\src\AOSP-openjdk-git\hotspot\src\share\vm\prims\jvm.cpp, line 1502]
Event: 5.228 Thread 0x0000000003058000 Exception <a 'java/lang/ArrayIndexOutOfBoundsException'> (0x00000000d7f0d250) thrown at [C:\src\AOSP-openjdk-git\hotspot\src\share\vm\runtime\sharedRuntime.cpp, line 605]
Event: 6.772 Thread 0x0000000003058000 Exception <a 'java/lang/ArrayIndexOutOfBoundsException'> (0x00000000d68dc838) thrown at [C:\src\AOSP-openjdk-git\hotspot\src\share\vm\runtime\sharedRuntime.cpp, line 605]
Event: 10.327 Thread 0x0000000003058000 Exception <a 'java/lang/NoSuchMethodError': java.lang.Object.lambda$comparing$77a9974f$1(Ljava/util/function/Function;Ljava/lang/Object;Ljava/lang/Object;)I> (0x00000000d660ac88) thrown at [C:\src\AOSP-openjdk-git\hotspot\src\share\vm\interpreter\linkReso
Event: 10.437 Thread 0x0000000003058000 Exception <a 'java/lang/NoSuchMethodError': java.lang.Object.lambda$static$0()J> (0x00000000d6743e48) thrown at [C:\src\AOSP-openjdk-git\hotspot\src\share\vm\interpreter\linkResolver.cpp, line 620]
Event: 11.591 Thread 0x0000000003058000 Exception <a 'java/lang/NoSuchMethodError': java.lang.Object.lambda$static$0(I)[Lorg/jetbrains/kotlin/com/intellij/openapi/editor/event/DocumentListener;> (0x00000000d6e94538) thrown at [C:\src\AOSP-openjdk-git\hotspot\src\share\vm\interpreter\linkResolve
Event: 11.874 Thread 0x0000000003058000 Exception <a 'java/lang/NoSuchMethodError': java.lang.Object.lambda$static$0(I)[Lorg/jetbrains/kotlin/com/intellij/psi/PsiAnnotation;> (0x00000000d70b2710) thrown at [C:\src\AOSP-openjdk-git\hotspot\src\share\vm\interpreter\linkResolver.cpp, line 620]
Event: 12.709 Thread 0x0000000003058000 Exception <a 'java/lang/NoSuchMethodError': java.lang.Object.lambda$static$0(I)[Lorg/jetbrains/kotlin/com/intellij/psi/PsiElement;> (0x00000000d638fa10) thrown at [C:\src\AOSP-openjdk-git\hotspot\src\share\vm\interpreter\linkResolver.cpp, line 620]

Events (10 events):
Event: 13.635 loading class org/jetbrains/kotlin/com/intellij/util/io/FileAccessorCache$Handle
Event: 13.635 loading class org/jetbrains/kotlin/com/intellij/util/io/FileAccessorCache$Handle done
Event: 13.638 loading class org/jetbrains/kotlin/com/intellij/openapi/vfs/impl/jar/CoreJarVirtualFile
Event: 13.638 loading class org/jetbrains/kotlin/com/intellij/openapi/vfs/impl/jar/CoreJarVirtualFile done
Event: 13.655 loading class org/jetbrains/kotlin/com/intellij/util/containers/SLRUMap
Event: 13.655 loading class org/jetbrains/kotlin/com/intellij/util/containers/SLRUMap done
Event: 13.660 loading class org/jetbrains/kotlin/com/intellij/util/io/FileAccessorCache$1
Event: 13.660 loading class org/jetbrains/kotlin/com/intellij/util/io/FileAccessorCache$1 done
Event: 13.664 loading class org/jetbrains/kotlin/com/intellij/util/containers/hash/LinkedHashMap
Event: 13.664 loading class org/jetbrains/kotlin/com/intellij/util/containers/hash/LinkedHashMap done


Dynamic libraries:
0x00007ff60bb30000 - 0x00007ff60bb61000 	C:\Program Files\Android\Android Studio\jre\jre\bin\java.exe
0x00007fff2c3c0000 - 0x00007fff2c5b0000 	C:\WINDOWS\SYSTEM32\ntdll.dll
0x00007fff2abd0000 - 0x00007fff2ac82000 	C:\WINDOWS\System32\KERNEL32.DLL
0x00007fff295f0000 - 0x00007fff29893000 	C:\WINDOWS\System32\KERNELBASE.dll
0x00007fff26d70000 - 0x00007fff26dff000 	C:\WINDOWS\SYSTEM32\apphelp.dll
0x00007fff2bdc0000 - 0x00007fff2be63000 	C:\WINDOWS\System32\ADVAPI32.dll
0x00007fff2aa70000 - 0x00007fff2ab0e000 	C:\WINDOWS\System32\msvcrt.dll
0x00007fff2bd20000 - 0x00007fff2bdb7000 	C:\WINDOWS\System32\sechost.dll
0x00007fff2c0e0000 - 0x00007fff2c200000 	C:\WINDOWS\System32\RPCRT4.dll
0x00007fff2bb80000 - 0x00007fff2bd13000 	C:\WINDOWS\System32\USER32.dll
0x00007fff29940000 - 0x00007fff29961000 	C:\WINDOWS\System32\win32u.dll
0x00007fff2b580000 - 0x00007fff2b5a6000 	C:\WINDOWS\System32\GDI32.dll
0x00007fff29400000 - 0x00007fff29594000 	C:\WINDOWS\System32\gdi32full.dll
0x00007fff298a0000 - 0x00007fff2993e000 	C:\WINDOWS\System32\msvcp_win.dll
0x00007fff29970000 - 0x00007fff29a6a000 	C:\WINDOWS\System32\ucrtbase.dll
0x00007fff0be30000 - 0x00007fff0c0b5000 	C:\WINDOWS\WinSxS\amd64_microsoft.windows.common-controls_6595b64144ccf1df_6.0.18362.356_none_e6c4af7d130f27cc\COMCTL32.dll
0x00007fff2b840000 - 0x00007fff2bb76000 	C:\WINDOWS\System32\combase.dll
0x00007fff2a3f0000 - 0x00007fff2a470000 	C:\WINDOWS\System32\bcryptPrimitives.dll
0x00007fff2c200000 - 0x00007fff2c22e000 	C:\WINDOWS\System32\IMM32.DLL
0x00000000687a0000 - 0x0000000068872000 	C:\Program Files\Android\Android Studio\jre\jre\bin\msvcr100.dll
0x00000000691d0000 - 0x0000000069a1b000 	C:\Program Files\Android\Android Studio\jre\jre\bin\server\jvm.dll
0x00007fff2c2a0000 - 0x00007fff2c2a8000 	C:\WINDOWS\System32\PSAPI.DLL
0x00007fff257b0000 - 0x00007fff257d4000 	C:\WINDOWS\SYSTEM32\WINMM.dll
0x00007fff1ac80000 - 0x00007fff1ac89000 	C:\WINDOWS\SYSTEM32\WSOCK32.dll
0x00007fff2c070000 - 0x00007fff2c0df000 	C:\WINDOWS\System32\WS2_32.dll
0x00007fff25780000 - 0x00007fff257ad000 	C:\WINDOWS\SYSTEM32\WINMMBASE.dll
0x00007fff295a0000 - 0x00007fff295ea000 	C:\WINDOWS\System32\cfgmgr32.dll
0x00007fff1c830000 - 0x00007fff1c83a000 	C:\WINDOWS\SYSTEM32\VERSION.dll
0x00007fff25080000 - 0x00007fff2508f000 	C:\Program Files\Android\Android Studio\jre\jre\bin\verify.dll
0x00007fff230b0000 - 0x00007fff230d9000 	C:\Program Files\Android\Android Studio\jre\jre\bin\java.dll
0x00007fff25060000 - 0x00007fff25076000 	C:\Program Files\Android\Android Studio\jre\jre\bin\zip.dll
0x00007fff2acf0000 - 0x00007fff2b3d5000 	C:\WINDOWS\System32\SHELL32.dll
0x00007fff2a9c0000 - 0x00007fff2aa69000 	C:\WINDOWS\System32\shcore.dll
0x00007fff29c70000 - 0x00007fff2a3ee000 	C:\WINDOWS\System32\windows.storage.dll
0x00007fff292c0000 - 0x00007fff292df000 	C:\WINDOWS\System32\profapi.dll
0x00007fff292e0000 - 0x00007fff2932a000 	C:\WINDOWS\System32\powrprof.dll
0x00007fff29290000 - 0x00007fff292a0000 	C:\WINDOWS\System32\UMPDC.dll
0x00007fff2b520000 - 0x00007fff2b572000 	C:\WINDOWS\System32\shlwapi.dll
0x00007fff29330000 - 0x00007fff29341000 	C:\WINDOWS\System32\kernel.appcore.dll
0x00007fff29380000 - 0x00007fff29397000 	C:\WINDOWS\System32\cryptsp.dll

VM Arguments:
java_command: org.jetbrains.kotlin.cli.jvm.K2JVMCompiler -Xallow-no-source-files -classpath C:\Users\Hwajin\Android_SOPT\InventoryBox_Android\app\build\intermediates\compile_and_runtime_not_namespaced_r_class_jar\debug\R.jar;C:\Users\Hwajin\.gradle\caches\transforms-2\files-2.1\d8ecf77db437180f5945578a4d2539b5\jetified-kotlin-android-extensions-runtime-1.3.72.jar;C:\Users\Hwajin\.gradle\caches\transforms-2\files-2.1\58717fd35b9f8892fe9be42af9e828a2\jetified-core-ktx-1.3.0-api.jar;C:\Users\Hwajin\.gradle\caches\transforms-2\files-2.1\d7918a34a298ce6afd050963fe8285f4\jetified-kotlin-stdlib-1.3.72.jar;C:\Users\Hwajin\.gradle\caches\transforms-2\files-2.1\7a610442c037d944b5571b97c8bc4008\jetified-kotlin-stdlib-common-1.3.72.jar;C:\Users\Hwajin\.gradle\caches\transforms-2\files-2.1\b5ebe2cccd14b8a63e84eff597aa9d39\jetified-annotations-13.0.jar;C:\Users\Hwajin\.gradle\caches\transforms-2\files-2.1\c2b2e2e368b3224b60d15e72b9c12dee\material-1.2.0-alpha05-api.jar;C:\Users\Hwajin\.gradle\caches\transforms-2\files-2.1\6346ad293ce0dc7ca4519590745d37e2\appcompat-1.1.0-api.jar;C:\Users\Hwajin\.gradle\caches\transforms-2\files-2.1\d0c63a7a101654decc65ae73e9257b33\jetified-viewpager2-1.0.0-api.jar;C:\Users\Hwajin\.gradle\caches\transforms-2\files-2.1\b6bed05d1c4106fab5126f54516d34fa\recyclerview-1.1.0-api.jar;C:\Users\Hwajin\.gradle\caches\transforms-2\files-2.1\a654dbdeb19d276b1e74544c5dcd40fe\cardview-1.0.0-api.jar;C:\Users\Hwajin\.gradle\caches\transforms-2\files-2.1\52ffba07ad8b54236a2ba29ebd514b8b\legacy-support-v4-1.0.0-api.jar;C:\Users\Hwajin\.gradle\caches\transforms-2\files-2.1\76ac490a79001efa758e2a1c2afa7914\legacy-support-core-ui-1.0.0-api.jar;C:\Users\Hwajin\.gradle\caches\transforms-2\files-2.1\1460137d85809609fdcc8512d6e2c9e2\coordinatorlayout-1.1.0-api.jar;C:\Users\Hwajin\.gradle\caches\transforms-2\files-2.1\3718e4f657fe917fa8bc402cfa19ef30\jetified-glide-4.10.0-api.jar;C:\Users\Hwajin\.gradle\caches\transforms-2\files-2.1\bad9133806d0e6c17c5a646b095e10cf\fragmen
java_class_path (initial): C:\Users\Hwajin\.gradle\caches\modules-2\files-2.1\org.jetbrains.kotlin\kotlin-compiler-embeddable\1.3.72\fb72232c8fa977d5e07d33c43381ddbdc5edab6\kotlin-compiler-embeddable-1.3.72.jar;C:\Users\Hwajin\.gradle\caches\modules-2\files-2.1\org.jetbrains.kotlin\kotlin-reflect\1.3.72\86613e1a669a701b0c660bfd2af4f82a7ae11fca\kotlin-reflect-1.3.72.jar;C:\Users\Hwajin\.gradle\caches\modules-2\files-2.1\org.jetbrains.kotlin\kotlin-stdlib\1.3.72\8032138f12c0180bc4e51fe139d4c52b46db6109\kotlin-stdlib-1.3.72.jar;C:\Users\Hwajin\.gradle\caches\modules-2\files-2.1\org.jetbrains.kotlin\kotlin-script-runtime\1.3.72\657d8d34d91e1964b4439378c09933e840bfe8d5\kotlin-script-runtime-1.3.72.jar;C:\Users\Hwajin\.gradle\caches\modules-2\files-2.1\org.jetbrains.kotlin\kotlin-daemon-embeddable\1.3.72\53bbaa2816dbf6bdb85f629451b1fcc88f2164d2\kotlin-daemon-embeddable-1.3.72.jar;C:\Users\Hwajin\.gradle\caches\modules-2\files-2.1\org.jetbrains.intellij.deps\trove4j\1.0.20181211\216c2e14b070f334479d800987affe4054cd563f\trove4j-1.0.20181211.jar;C:\Users\Hwajin\.gradle\caches\modules-2\files-2.1\org.jetbrains.kotlin\kotlin-stdlib-common\1.3.72\6ca8bee3d88957eaaaef077c41c908c9940492d8\kotlin-stdlib-common-1.3.72.jar;C:\Users\Hwajin\.gradle\caches\modules-2\files-2.1\org.jetbrains\annotations\13.0\919f0dfe192fb4e063e7dacadee7f8bb9a2672a9\annotations-13.0.jar;C:\Program Files\Android\Android Studio\jre\lib\tools.jar
Launcher Type: SUN_STANDARD

Environment Variables:
PATH=C:\app\product\18.0.0\dbhomeXE\bin;C:\ProgramData\Oracle\Java\javapath;C:\Program Files (x86)\Intel\iCLS Client\;C:\Program Files\Intel\iCLS Client\;C:\WINDOWS\system32;C:\WINDOWS;C:\WINDOWS\System32\Wbem;C:\WINDOWS\System32\WindowsPowerShell\v1.0\;C:\Program Files (x86)\Intel\Intel(R) Management Engine Components\DAL;C:\Program Files\Intel\Intel(R) Management Engine Components\DAL;C:\Program Files (x86)\Intel\Intel(R) Management Engine Components\IPT;C:\Program Files\Intel\Intel(R) Management Engine Components\IPT;C:\Program Files\Intel\WiFi\bin\;C:\Program Files\Common Files\Intel\WirelessCommon\;C:\Program Files\Microsoft SQL Server\110\Tools\Binn\;C:\Program Files (x86)\Microsoft SDKs\TypeScript\1.0\;C:\Program Files\Microsoft SQL Server\120\Tools\Binn\;C:\WINDOWS\System32\OpenSSH\;C:\Program Files (x86)\Brackets\command;C:\Program Files\Common Files\Autodesk Shared\;C:\Users\Hwajin\AppData\Local\Microsoft\WindowsApps;C:\Users\Hwajin\AppData\Local\Programs\Git\cmd
USERNAME=Hwajin
OS=Windows_NT
PROCESSOR_IDENTIFIER=Intel64 Family 6 Model 142 Stepping 10, GenuineIntel



---------------  S Y S T E M  ---------------

OS: Windows 10.0 , 64 bit Build 18362 (10.0.18362.329)

CPU:total 8 (initial active 8) (4 cores per cpu, 2 threads per core) family 6 model 142 stepping 10, cmov, cx8, fxsr, mmx, sse, sse2, sse3, ssse3, sse4.1, sse4.2, popcnt, avx, avx2, aes, clmul, erms, 3dnowpref, lzcnt, ht, tsc, tscinvbit, bmi1, bmi2, adx

Memory: 4k page, physical 8217872k(505480k free), swap 33383696k(4048k free)

vm_info: OpenJDK 64-Bit Server VM (25.242-b01) for windows-amd64 JRE (1.8.0_242-release-1644-b01), built by "builder" with MS VC++ 10.0 (VS2010)

time: Wed Jul 01 14:39:11 2020
timezone: 대한민국 표준시
elapsed time: 13 seconds (0d 0h 0m 13s)

