#
# There is insufficient memory for the Java Runtime Environment to continue.
# Native memory allocation (malloc) failed to allocate 242944 bytes for Chunk::new
# Possible reasons:
#   The system is out of physical RAM or swap space
#   The process is running with CompressedOops enabled, and the Java Heap may be blocking the growth of the native heap
# Possible solutions:
#   Reduce memory load on the system
#   Increase physical memory or swap space
#   Check if swap backing store is full
#   Decrease Java heap size (-Xmx/-Xms)
#   Decrease number of Java threads
#   Decrease Java thread stack sizes (-Xss)
#   Set larger code cache with -XX:ReservedCodeCacheSize=
#   JVM is running with Unscaled Compressed Oops mode in which the Java heap is
#     placed in the first 4GB address space. The Java Heap base address is the
#     maximum limit for the native heap growth. Please use -XX:HeapBaseMinAddress
#     to set the Java Heap base and to place the Java Heap above 4GB virtual address.
# This output file may be truncated or incomplete.
#
#  Out of Memory Error (allocation.cpp:389), pid=14620, tid=0x000000000000440c
#
# JRE version: OpenJDK Runtime Environment (8.0_242-b01) (build 1.8.0_242-release-1644-b01)
# Java VM: OpenJDK 64-Bit Server VM (25.242-b01 mixed mode windows-amd64 compressed oops)
# Failed to write core dump. Minidumps are not enabled by default on client versions of Windows
#

---------------  T H R E A D  ---------------

Current thread (0x0000000017e3d800):  JavaThread "C2 CompilerThread1" daemon [_thread_in_native, id=17420, stack(0x0000000019860000,0x0000000019960000)]

Stack: [0x0000000019860000,0x0000000019960000]
[error occurred during error reporting (printing stack bounds), id 0xc0000005]

Native frames: (J=compiled Java code, j=interpreted, Vv=VM code, C=native code)


Current CompileTask:
C2:   4994 2844       4       org.jetbrains.kotlin.load.java.structure.impl.classFiles.BinaryClassSignatureParser::parseParameterizedClassRefSignature (295 bytes)


---------------  P R O C E S S  ---------------

Java Threads: ( => current thread )
  0x0000000017e6e800 JavaThread "Service Thread" daemon [_thread_blocked, id=19352, stack(0x0000000019a60000,0x0000000019b60000)]
  0x0000000017e49800 JavaThread "C1 CompilerThread2" daemon [_thread_in_vm, id=13484, stack(0x0000000019960000,0x0000000019a60000)]
=>0x0000000017e3d800 JavaThread "C2 CompilerThread1" daemon [_thread_in_native, id=17420, stack(0x0000000019860000,0x0000000019960000)]
  0x0000000017e28800 JavaThread "C2 CompilerThread0" daemon [_thread_blocked, id=19308, stack(0x0000000019760000,0x0000000019860000)]
  0x0000000017e27800 JavaThread "Attach Listener" daemon [_thread_blocked, id=18016, stack(0x0000000019660000,0x0000000019760000)]
  0x0000000017e3a800 JavaThread "Signal Dispatcher" daemon [_thread_blocked, id=6948, stack(0x0000000019560000,0x0000000019660000)]
  0x000000000329e000 JavaThread "Finalizer" daemon [_thread_blocked, id=10812, stack(0x0000000019060000,0x0000000019160000)]
  0x0000000017df9000 JavaThread "Reference Handler" daemon [_thread_blocked, id=7664, stack(0x0000000018f60000,0x0000000019060000)]
  0x00000000031a9000 JavaThread "main" [_thread_in_Java, id=2188, stack(0x0000000002ff0000,0x00000000030f0000)]

Other Threads:
  0x0000000017dd7000 VMThread [stack: 0x0000000018e60000,0x0000000018f60000] [id=1376]
  0x0000000019200000 WatcherThread [stack: 0x0000000019b60000,0x0000000019c60000] [id=4632]

VM state:not at safepoint (normal execution)

VM Mutex/Monitor currently owned by a thread:  ([mutex/lock_event])
[0x00000000031a69c0] SystemDictionary_lock - owner thread: 0x0000000000000000

heap address: 0x0000000081400000, size: 2028 MB, Compressed Oops mode: 32-bit
Narrow klass base: 0x0000000000000000, Narrow klass shift: 3
Compressed class space size: 1073741824 Address: 0x0000000100000000

Heap:
 PSYoungGen      total 71680K, used 16204K [0x00000000d5c00000, 0x00000000dc400000, 0x0000000100000000)
  eden space 66560K, 24% used [0x00000000d5c00000,0x00000000d6bd3348,0x00000000d9d00000)
  from space 5120K, 0% used [0x00000000d9d00000,0x00000000d9d00000,0x00000000da200000)
  to   space 5120K, 0% used [0x00000000da200000,0x00000000da200000,0x00000000da700000)
 ParOldGen       total 66560K, used 27520K [0x0000000081400000, 0x0000000085500000, 0x00000000d5c00000)
  object space 66560K, 41% used [0x0000000081400000,0x0000000082ee02e0,0x0000000085500000)
 Metaspace       used 36559K, capacity 37166K, committed 37464K, reserved 1083392K
  class space    used 4636K, capacity 4792K, committed 4864K, reserved 1048576K

Card table byte_map: [0x0000000012660000,0x0000000012a60000] byte_map_base: 0x0000000012256000

Marking Bits: (ParMarkBitMap*) 0x000000005551f030
 Begin Bits: [0x0000000013110000, 0x00000000150c0000)
 End Bits:   [0x00000000150c0000, 0x0000000017070000)

Polling page: 0x00000000012b0000

CodeCache: size=245760Kb used=8932Kb max_used=8932Kb free=236827Kb
 bounds [0x00000000032a0000, 0x0000000003b70000, 0x00000000122a0000]
 total_blobs=3379 nmethods=2934 adapters=355
 compilation: enabled

Compilation events (10 events):
Event: 4.986 Thread 0x0000000017e49800 nmethod 2930 0x0000000003b53590 code [0x0000000003b536e0, 0x0000000003b53830]
Event: 4.986 Thread 0x0000000017e49800 2931       3       org.jetbrains.kotlin.cli.jvm.index.JvmDependenciesIndexImpl::search (392 bytes)
Event: 4.987 Thread 0x0000000017e28800 nmethod 2926 0x0000000003b51d50 code [0x0000000003b51ea0, 0x0000000003b51f78]
Event: 4.987 Thread 0x0000000017e28800 2904       4       org.jetbrains.org.objectweb.asm.Type::getTypeInternal (199 bytes)
Event: 4.990 Thread 0x0000000017e49800 nmethod 2931 0x0000000003b564d0 code [0x0000000003b569a0, 0x0000000003b59a78]
Event: 4.990 Thread 0x0000000017e49800 2932       3       org.jetbrains.kotlin.psi.KtImportInfo$ImportContent::<init> (5 bytes)
Event: 4.990 Thread 0x0000000017e49800 nmethod 2932 0x0000000003b518d0 code [0x0000000003b51a40, 0x0000000003b51c50]
Event: 4.990 Thread 0x0000000017e49800 2933       3       org.jetbrains.kotlin.psi.KtImportInfo$ImportContent::<init> (5 bytes)
Event: 4.990 Thread 0x0000000017e49800 nmethod 2933 0x0000000003b51510 code [0x0000000003b51660, 0x0000000003b51810]
Event: 4.990 Thread 0x0000000017e49800 2934       3       org.jetbrains.kotlin.com.intellij.psi.impl.PsiElementBase::<init> (5 bytes)

GC Heap History (10 events):
Event: 2.082 GC heap before
{Heap before GC invocations=3 (full 0):
 PSYoungGen      total 71680K, used 25484K [0x00000000d5c00000, 0x00000000da700000, 0x0000000100000000)
  eden space 66560K, 30% used [0x00000000d5c00000,0x00000000d6fe9828,0x00000000d9d00000)
  from space 5120K, 99% used [0x00000000da200000,0x00000000da6f9b58,0x00000000da700000)
  to   space 5120K, 0% used [0x00000000d9d00000,0x00000000d9d00000,0x00000000da200000)
 ParOldGen       total 87552K, used 7846K [0x0000000081400000, 0x0000000086980000, 0x00000000d5c00000)
  object space 87552K, 8% used [0x0000000081400000,0x0000000081ba9b60,0x0000000086980000)
 Metaspace       used 20797K, capacity 21204K, committed 21248K, reserved 1069056K
  class space    used 2451K, capacity 2558K, committed 2560K, reserved 1048576K
Event: 2.095 GC heap after
Heap after GC invocations=3 (full 0):
 PSYoungGen      total 71680K, used 5097K [0x00000000d5c00000, 0x00000000da700000, 0x0000000100000000)
  eden space 66560K, 0% used [0x00000000d5c00000,0x00000000d5c00000,0x00000000d9d00000)
  from space 5120K, 99% used [0x00000000d9d00000,0x00000000da1fa4a8,0x00000000da200000)
  to   space 5120K, 0% used [0x00000000da200000,0x00000000da200000,0x00000000da700000)
 ParOldGen       total 87552K, used 12331K [0x0000000081400000, 0x0000000086980000, 0x00000000d5c00000)
  object space 87552K, 14% used [0x0000000081400000,0x000000008200ae78,0x0000000086980000)
 Metaspace       used 20797K, capacity 21204K, committed 21248K, reserved 1069056K
  class space    used 2451K, capacity 2558K, committed 2560K, reserved 1048576K
}
Event: 2.095 GC heap before
{Heap before GC invocations=4 (full 1):
 PSYoungGen      total 71680K, used 5097K [0x00000000d5c00000, 0x00000000da700000, 0x0000000100000000)
  eden space 66560K, 0% used [0x00000000d5c00000,0x00000000d5c00000,0x00000000d9d00000)
  from space 5120K, 99% used [0x00000000d9d00000,0x00000000da1fa4a8,0x00000000da200000)
  to   space 5120K, 0% used [0x00000000da200000,0x00000000da200000,0x00000000da700000)
 ParOldGen       total 87552K, used 12331K [0x0000000081400000, 0x0000000086980000, 0x00000000d5c00000)
  object space 87552K, 14% used [0x0000000081400000,0x000000008200ae78,0x0000000086980000)
 Metaspace       used 20797K, capacity 21204K, committed 21248K, reserved 1069056K
  class space    used 2451K, capacity 2558K, committed 2560K, reserved 1048576K
Event: 2.141 GC heap after
Heap after GC invocations=4 (full 1):
 PSYoungGen      total 71680K, used 0K [0x00000000d5c00000, 0x00000000da700000, 0x0000000100000000)
  eden space 66560K, 0% used [0x00000000d5c00000,0x00000000d5c00000,0x00000000d9d00000)
  from space 5120K, 0% used [0x00000000d9d00000,0x00000000d9d00000,0x00000000da200000)
  to   space 5120K, 0% used [0x00000000da200000,0x00000000da200000,0x00000000da700000)
 ParOldGen       total 66560K, used 9622K [0x0000000081400000, 0x0000000085500000, 0x00000000d5c00000)
  object space 66560K, 14% used [0x0000000081400000,0x0000000081d659f8,0x0000000085500000)
 Metaspace       used 20797K, capacity 21204K, committed 21248K, reserved 1069056K
  class space    used 2451K, capacity 2558K, committed 2560K, reserved 1048576K
}
Event: 3.768 GC heap before
{Heap before GC invocations=5 (full 1):
 PSYoungGen      total 71680K, used 66560K [0x00000000d5c00000, 0x00000000da700000, 0x0000000100000000)
  eden space 66560K, 100% used [0x00000000d5c00000,0x00000000d9d00000,0x00000000d9d00000)
  from space 5120K, 0% used [0x00000000d9d00000,0x00000000d9d00000,0x00000000da200000)
  to   space 5120K, 0% used [0x00000000da200000,0x00000000da200000,0x00000000da700000)
 ParOldGen       total 66560K, used 9622K [0x0000000081400000, 0x0000000085500000, 0x00000000d5c00000)
  object space 66560K, 14% used [0x0000000081400000,0x0000000081d659f8,0x0000000085500000)
 Metaspace       used 30017K, capacity 30607K, committed 30976K, reserved 1077248K
  class space    used 3623K, capacity 3801K, committed 3840K, reserved 1048576K
Event: 3.784 GC heap after
Heap after GC invocations=5 (full 1):
 PSYoungGen      total 71680K, used 5090K [0x00000000d5c00000, 0x00000000dc400000, 0x0000000100000000)
  eden space 66560K, 0% used [0x00000000d5c00000,0x00000000d5c00000,0x00000000d9d00000)
  from space 5120K, 99% used [0x00000000da200000,0x00000000da6f8918,0x00000000da700000)
  to   space 5120K, 0% used [0x00000000d9d00000,0x00000000d9d00000,0x00000000da200000)
 ParOldGen       total 66560K, used 20992K [0x0000000081400000, 0x0000000085500000, 0x00000000d5c00000)
  object space 66560K, 31% used [0x0000000081400000,0x00000000828801d0,0x0000000085500000)
 Metaspace       used 30017K, capacity 30607K, committed 30976K, reserved 1077248K
  class space    used 3623K, capacity 3801K, committed 3840K, reserved 1048576K
}
Event: 4.434 GC heap before
{Heap before GC invocations=6 (full 1):
 PSYoungGen      total 71680K, used 27932K [0x00000000d5c00000, 0x00000000dc400000, 0x0000000100000000)
  eden space 66560K, 34% used [0x00000000d5c00000,0x00000000d724e800,0x00000000d9d00000)
  from space 5120K, 99% used [0x00000000da200000,0x00000000da6f8918,0x00000000da700000)
  to   space 5120K, 0% used [0x00000000d9d00000,0x00000000d9d00000,0x00000000da200000)
 ParOldGen       total 66560K, used 20992K [0x0000000081400000, 0x0000000085500000, 0x00000000d5c00000)
  object space 66560K, 31% used [0x0000000081400000,0x00000000828801d0,0x0000000085500000)
 Metaspace       used 34611K, capacity 35232K, committed 35416K, reserved 1081344K
  class space    used 4415K, capacity 4585K, committed 4608K, reserved 1048576K
Event: 4.445 GC heap after
Heap after GC invocations=6 (full 1):
 PSYoungGen      total 71680K, used 5099K [0x00000000d5c00000, 0x00000000dc400000, 0x0000000100000000)
  eden space 66560K, 0% used [0x00000000d5c00000,0x00000000d5c00000,0x00000000d9d00000)
  from space 5120K, 99% used [0x00000000d9d00000,0x00000000da1fadd8,0x00000000da200000)
  to   space 5120K, 0% used [0x00000000da200000,0x00000000da200000,0x00000000da700000)
 ParOldGen       total 66560K, used 26738K [0x0000000081400000, 0x0000000085500000, 0x00000000d5c00000)
  object space 66560K, 40% used [0x0000000081400000,0x0000000082e1cbd0,0x0000000085500000)
 Metaspace       used 34611K, capacity 35232K, committed 35416K, reserved 1081344K
  class space    used 4415K, capacity 4585K, committed 4608K, reserved 1048576K
}
Event: 4.445 GC heap before
{Heap before GC invocations=7 (full 2):
 PSYoungGen      total 71680K, used 5099K [0x00000000d5c00000, 0x00000000dc400000, 0x0000000100000000)
  eden space 66560K, 0% used [0x00000000d5c00000,0x00000000d5c00000,0x00000000d9d00000)
  from space 5120K, 99% used [0x00000000d9d00000,0x00000000da1fadd8,0x00000000da200000)
  to   space 5120K, 0% used [0x00000000da200000,0x00000000da200000,0x00000000da700000)
 ParOldGen       total 66560K, used 26738K [0x0000000081400000, 0x0000000085500000, 0x00000000d5c00000)
  object space 66560K, 40% used [0x0000000081400000,0x0000000082e1cbd0,0x0000000085500000)
 Metaspace       used 34611K, capacity 35232K, committed 35416K, reserved 1081344K
  class space    used 4415K, capacity 4585K, committed 4608K, reserved 1048576K
Event: 4.547 GC heap after
Heap after GC invocations=7 (full 2):
 PSYoungGen      total 71680K, used 0K [0x00000000d5c00000, 0x00000000dc400000, 0x0000000100000000)
  eden space 66560K, 0% used [0x00000000d5c00000,0x00000000d5c00000,0x00000000d9d00000)
  from space 5120K, 0% used [0x00000000d9d00000,0x00000000d9d00000,0x00000000da200000)
  to   space 5120K, 0% used [0x00000000da200000,0x00000000da200000,0x00000000da700000)
 ParOldGen       total 66560K, used 27520K [0x0000000081400000, 0x0000000085500000, 0x00000000d5c00000)
  object space 66560K, 41% used [0x0000000081400000,0x0000000082ee02e0,0x0000000085500000)
 Metaspace       used 34611K, capacity 35232K, committed 35416K, reserved 1081344K
  class space    used 4415K, capacity 4585K, committed 4608K, reserved 1048576K
}

Deoptimization events (10 events):
Event: 4.291 Thread 0x00000000031a9000 Uncommon trap: reason=class_check action=maybe_recompile pc=0x00000000037a9444 method=org.jetbrains.kotlin.com.intellij.util.text.ByteArrayCharSequence.toBytesIfPossible(Ljava/lang/CharSequence;)[B @ 25
Event: 4.301 Thread 0x00000000031a9000 Uncommon trap: reason=unstable_if action=reinterpret pc=0x00000000039bb6c4 method=java.lang.ThreadLocal$ThreadLocalMap.getEntry(Ljava/lang/ThreadLocal;)Ljava/lang/ThreadLocal$ThreadLocalMap$Entry; @ 21
Event: 4.397 Thread 0x00000000031a9000 Uncommon trap: reason=class_check action=maybe_recompile pc=0x00000000037a9444 method=org.jetbrains.kotlin.com.intellij.util.text.ByteArrayCharSequence.toBytesIfPossible(Ljava/lang/CharSequence;)[B @ 25
Event: 4.401 Thread 0x00000000031a9000 Uncommon trap: reason=class_check action=maybe_recompile pc=0x00000000037a9444 method=org.jetbrains.kotlin.com.intellij.util.text.ByteArrayCharSequence.toBytesIfPossible(Ljava/lang/CharSequence;)[B @ 25
Event: 4.405 Thread 0x00000000031a9000 Uncommon trap: reason=class_check action=maybe_recompile pc=0x00000000037a9444 method=org.jetbrains.kotlin.com.intellij.util.text.ByteArrayCharSequence.toBytesIfPossible(Ljava/lang/CharSequence;)[B @ 25
Event: 4.419 Thread 0x00000000031a9000 Uncommon trap: reason=unstable_if action=reinterpret pc=0x0000000003a38b48 method=org.jetbrains.kotlin.com.intellij.util.text.ByteArrayCharSequence.toBytesIfPossible(Ljava/lang/CharSequence;)[B @ 102
Event: 4.419 Thread 0x00000000031a9000 Uncommon trap: reason=class_check action=maybe_recompile pc=0x0000000003a37e04 method=org.jetbrains.kotlin.com.intellij.util.text.ImmutableText.charAt(I)C @ 46
Event: 4.419 Thread 0x00000000031a9000 Uncommon trap: reason=class_check action=maybe_recompile pc=0x0000000003a37e04 method=org.jetbrains.kotlin.com.intellij.util.text.ImmutableText.charAt(I)C @ 46
Event: 4.419 Thread 0x00000000031a9000 Uncommon trap: reason=class_check action=maybe_recompile pc=0x0000000003a37e04 method=org.jetbrains.kotlin.com.intellij.util.text.ImmutableText.charAt(I)C @ 46
Event: 4.419 Thread 0x00000000031a9000 Uncommon trap: reason=class_check action=maybe_recompile pc=0x0000000003a37e04 method=org.jetbrains.kotlin.com.intellij.util.text.ImmutableText.charAt(I)C @ 46

Classes redefined (0 events):
No events

Internal exceptions (10 events):
Event: 1.085 Thread 0x00000000031a9000 Exception <a 'java/lang/ArrayIndexOutOfBoundsException'> (0x00000000d61df5e8) thrown at [C:\src\AOSP-openjdk-git\hotspot\src\share\vm\runtime\sharedRuntime.cpp, line 605]
Event: 1.711 Thread 0x00000000031a9000 Exception <a 'java/lang/NoSuchMethodError': java.lang.Object.lambda$comparing$77a9974f$1(Ljava/util/function/Function;Ljava/lang/Object;Ljava/lang/Object;)I> (0x00000000d5eeb4f0) thrown at [C:\src\AOSP-openjdk-git\hotspot\src\share\vm\interpreter\linkReso
Event: 1.738 Thread 0x00000000031a9000 Exception <a 'java/lang/NoSuchMethodError': java.lang.Object.lambda$static$0()J> (0x00000000d5ff3cc8) thrown at [C:\src\AOSP-openjdk-git\hotspot\src\share\vm\interpreter\linkResolver.cpp, line 620]
Event: 1.936 Thread 0x00000000031a9000 Exception <a 'java/lang/NoSuchMethodError': java.lang.Object.lambda$static$0(I)[Lorg/jetbrains/kotlin/com/intellij/openapi/editor/event/DocumentListener;> (0x00000000d67659b8) thrown at [C:\src\AOSP-openjdk-git\hotspot\src\share\vm\interpreter\linkResolve
Event: 1.980 Thread 0x00000000031a9000 Exception <a 'java/lang/NoSuchMethodError': java.lang.Object.lambda$static$0(I)[Lorg/jetbrains/kotlin/com/intellij/psi/PsiAnnotation;> (0x00000000d69f5ed0) thrown at [C:\src\AOSP-openjdk-git\hotspot\src\share\vm\interpreter\linkResolver.cpp, line 620]
Event: 2.152 Thread 0x00000000031a9000 Exception <a 'java/lang/NoSuchMethodError': java.lang.Object.lambda$static$0(I)[Lorg/jetbrains/kotlin/com/intellij/psi/PsiElement;> (0x00000000d5c925e8) thrown at [C:\src\AOSP-openjdk-git\hotspot\src\share\vm\interpreter\linkResolver.cpp, line 620]
Event: 3.463 Thread 0x00000000031a9000 Exception <a 'java/lang/ArrayIndexOutOfBoundsException': 126> (0x00000000d8c3d930) thrown at [C:\src\AOSP-openjdk-git\hotspot\src\share\vm\interpreter\interpreterRuntime.cpp, line 368]
Event: 3.464 Thread 0x00000000031a9000 Exception <a 'java/lang/ArrayIndexOutOfBoundsException': 86> (0x00000000d8c3edb8) thrown at [C:\src\AOSP-openjdk-git\hotspot\src\share\vm\interpreter\interpreterRuntime.cpp, line 368]
Event: 4.301 Thread 0x00000000031a9000 Implicit null exception at 0x00000000039bb577 to 0x00000000039bb6a5
Event: 4.386 Thread 0x00000000031a9000 Exception <a 'java/lang/NoSuchMethodError': java.lang.Object.lambda$static$0(I)[Lorg/jetbrains/kotlin/psi/KtExpression;> (0x00000000d7095ce0) thrown at [C:\src\AOSP-openjdk-git\hotspot\src\share\vm\interpreter\linkResolver.cpp, line 620]

Events (10 events):
Event: 4.880 loading class org/jetbrains/kotlin/com/google/common/collect/Maps$KeySet
Event: 4.880 loading class org/jetbrains/kotlin/com/google/common/collect/Maps$KeySet done
Event: 4.881 loading class org/jetbrains/kotlin/com/google/common/collect/AbstractMapBasedMultimap$KeySet$1
Event: 4.881 loading class org/jetbrains/kotlin/com/google/common/collect/AbstractMapBasedMultimap$KeySet$1 done
Event: 4.889 loading class org/jetbrains/kotlin/load/java/structure/impl/classFiles/PlainJavaEnumValueAnnotationArgument
Event: 4.889 loading class org/jetbrains/kotlin/load/java/structure/impl/classFiles/PlainJavaEnumValueAnnotationArgument done
Event: 4.889 loading class org/jetbrains/kotlin/load/java/structure/JavaEnumValueAnnotationArgument
Event: 4.889 loading class org/jetbrains/kotlin/load/java/structure/JavaEnumValueAnnotationArgument done
Event: 4.983 loading class org/jetbrains/kotlin/resolve/AllUnderImportScope
Event: 4.983 loading class org/jetbrains/kotlin/resolve/AllUnderImportScope done


Dynamic libraries:
0x00007ff7dd570000 - 0x00007ff7dd5a1000 	C:\Program Files\Android\Android Studio1\jre\jre\bin\java.exe
0x00007ffa21900000 - 0x00007ffa21af0000 	C:\WINDOWS\SYSTEM32\ntdll.dll
0x00007ffa21070000 - 0x00007ffa21122000 	C:\WINDOWS\System32\KERNEL32.DLL
0x00007ffa1f470000 - 0x00007ffa1f714000 	C:\WINDOWS\System32\KERNELBASE.dll
0x00007ffa1fd30000 - 0x00007ffa1fdd3000 	C:\WINDOWS\System32\ADVAPI32.dll
0x00007ffa1fe00000 - 0x00007ffa1fe9e000 	C:\WINDOWS\System32\msvcrt.dll
0x00007ffa20a70000 - 0x00007ffa20b07000 	C:\WINDOWS\System32\sechost.dll
0x00007ffa20b10000 - 0x00007ffa20c30000 	C:\WINDOWS\System32\RPCRT4.dll
0x00007ffa21230000 - 0x00007ffa213c4000 	C:\WINDOWS\System32\USER32.dll
0x00007ffa1f7c0000 - 0x00007ffa1f7e1000 	C:\WINDOWS\System32\win32u.dll
0x00007ffa216a0000 - 0x00007ffa216c6000 	C:\WINDOWS\System32\GDI32.dll
0x00007ffa1f010000 - 0x00007ffa1f1a5000 	C:\WINDOWS\System32\gdi32full.dll
0x00007ffa1f720000 - 0x00007ffa1f7be000 	C:\WINDOWS\System32\msvcp_win.dll
0x00007ffa1f310000 - 0x00007ffa1f40a000 	C:\WINDOWS\System32\ucrtbase.dll
0x00007ffa14370000 - 0x00007ffa145f4000 	C:\WINDOWS\WinSxS\amd64_microsoft.windows.common-controls_6595b64144ccf1df_6.0.18362.900_none_e6beb9d913147d17\COMCTL32.dll
0x00007ffa20ca0000 - 0x00007ffa20fd5000 	C:\WINDOWS\System32\combase.dll
0x00007ffa1f1b0000 - 0x00007ffa1f230000 	C:\WINDOWS\System32\bcryptPrimitives.dll
0x00007ffa21200000 - 0x00007ffa2122e000 	C:\WINDOWS\System32\IMM32.DLL
0x00000000542e0000 - 0x00000000543b2000 	C:\Program Files\Android\Android Studio1\jre\jre\bin\msvcr100.dll
0x0000000054d50000 - 0x000000005559b000 	C:\Program Files\Android\Android Studio1\jre\jre\bin\server\jvm.dll
0x00007ffa215e0000 - 0x00007ffa215e8000 	C:\WINDOWS\System32\PSAPI.DLL
0x00007ffa14a30000 - 0x00007ffa14a54000 	C:\WINDOWS\SYSTEM32\WINMM.dll
0x00007ffa1d2c0000 - 0x00007ffa1d2c9000 	C:\WINDOWS\SYSTEM32\WSOCK32.dll
0x00007ffa18780000 - 0x00007ffa1878a000 	C:\WINDOWS\SYSTEM32\VERSION.dll
0x00007ffa216d0000 - 0x00007ffa2173f000 	C:\WINDOWS\System32\WS2_32.dll
0x00007ffa14a00000 - 0x00007ffa14a2d000 	C:\WINDOWS\SYSTEM32\winmmbase.dll
0x00007ffa1f7f0000 - 0x00007ffa1f83a000 	C:\WINDOWS\System32\cfgmgr32.dll
0x00007ff9e3c50000 - 0x00007ff9e3c5f000 	C:\Program Files\Android\Android Studio1\jre\jre\bin\verify.dll
0x00007ff9e3c20000 - 0x00007ff9e3c49000 	C:\Program Files\Android\Android Studio1\jre\jre\bin\java.dll
0x00007ff9d7d10000 - 0x00007ff9d7d26000 	C:\Program Files\Android\Android Studio1\jre\jre\bin\zip.dll
0x00007ffa1ff10000 - 0x00007ffa205f6000 	C:\WINDOWS\System32\SHELL32.dll
0x00007ffa215f0000 - 0x00007ffa21699000 	C:\WINDOWS\System32\shcore.dll
0x00007ffa1e890000 - 0x00007ffa1f010000 	C:\WINDOWS\System32\windows.storage.dll
0x00007ffa1e840000 - 0x00007ffa1e863000 	C:\WINDOWS\System32\profapi.dll
0x00007ffa1e7f0000 - 0x00007ffa1e83a000 	C:\WINDOWS\System32\powrprof.dll
0x00007ffa1e7c0000 - 0x00007ffa1e7d0000 	C:\WINDOWS\System32\UMPDC.dll
0x00007ffa1f9b0000 - 0x00007ffa1fa02000 	C:\WINDOWS\System32\shlwapi.dll
0x00007ffa1e870000 - 0x00007ffa1e881000 	C:\WINDOWS\System32\kernel.appcore.dll
0x00007ffa1f840000 - 0x00007ffa1f857000 	C:\WINDOWS\System32\cryptsp.dll
0x00007ff9d7c10000 - 0x00007ff9d7c2a000 	C:\Program Files\Android\Android Studio1\jre\jre\bin\net.dll
0x00007ffa1e030000 - 0x00007ffa1e097000 	C:\WINDOWS\system32\mswsock.dll
0x00007ff9d7bf0000 - 0x00007ff9d7c03000 	C:\Program Files\Android\Android Studio1\jre\jre\bin\nio.dll

VM Arguments:
java_command: org.jetbrains.kotlin.cli.jvm.K2JVMCompiler -Xallow-no-source-files -classpath C:\AppJam\InventoryBox_Android\app\build\intermediates\compile_and_runtime_not_namespaced_r_class_jar\debug\R.jar;C:\Users\sungeun.LAPTOP-1M0OE2V8.000\.gradle\caches\transforms-2\files-2.1\d8ecf77db437180f5945578a4d2539b5\jetified-kotlin-android-extensions-runtime-1.3.72.jar;C:\Users\sungeun.LAPTOP-1M0OE2V8.000\.gradle\caches\transforms-2\files-2.1\58717fd35b9f8892fe9be42af9e828a2\jetified-core-ktx-1.3.0-api.jar;C:\Users\sungeun.LAPTOP-1M0OE2V8.000\.gradle\caches\transforms-2\files-2.1\d7918a34a298ce6afd050963fe8285f4\jetified-kotlin-stdlib-1.3.72.jar;C:\Users\sungeun.LAPTOP-1M0OE2V8.000\.gradle\caches\transforms-2\files-2.1\7a610442c037d944b5571b97c8bc4008\jetified-kotlin-stdlib-common-1.3.72.jar;C:\Users\sungeun.LAPTOP-1M0OE2V8.000\.gradle\caches\transforms-2\files-2.1\b5ebe2cccd14b8a63e84eff597aa9d39\jetified-annotations-13.0.jar;C:\Users\sungeun.LAPTOP-1M0OE2V8.000\.gradle\caches\transforms-2\files-2.1\c2b2e2e368b3224b60d15e72b9c12dee\material-1.2.0-alpha05-api.jar;C:\Users\sungeun.LAPTOP-1M0OE2V8.000\.gradle\caches\transforms-2\files-2.1\dc6c8785fc06b131651f3f15e310a71a\jetified-StickyScrollView-1.0.2-api.jar;C:\Users\sungeun.LAPTOP-1M0OE2V8.000\.gradle\caches\transforms-2\files-2.1\6346ad293ce0dc7ca4519590745d37e2\appcompat-1.1.0-api.jar;C:\Users\sungeun.LAPTOP-1M0OE2V8.000\.gradle\caches\transforms-2\files-2.1\d0c63a7a101654decc65ae73e9257b33\jetified-viewpager2-1.0.0-api.jar;C:\Users\sungeun.LAPTOP-1M0OE2V8.000\.gradle\caches\transforms-2\files-2.1\b6bed05d1c4106fab5126f54516d34fa\recyclerview-1.1.0-api.jar;C:\Users\sungeun.LAPTOP-1M0OE2V8.000\.gradle\caches\transforms-2\files-2.1\a654dbdeb19d276b1e74544c5dcd40fe\cardview-1.0.0-api.jar;C:\Users\sungeun.LAPTOP-1M0OE2V8.000\.gradle\caches\transforms-2\files-2.1\52ffba07ad8b54236a2ba29ebd514b8b\legacy-support-v4-1.0.0-api.jar;C:\Users\sungeun.LAPTOP-1M0OE2V8.000\.gradle\caches\transforms-2\files-2.1\76ac490a79001efa758
java_class_path (initial): C:\Users\sungeun.LAPTOP-1M0OE2V8.000\.gradle\caches\modules-2\files-2.1\org.jetbrains.kotlin\kotlin-compiler-embeddable\1.3.72\fb72232c8fa977d5e07d33c43381ddbdc5edab6\kotlin-compiler-embeddable-1.3.72.jar;C:\Users\sungeun.LAPTOP-1M0OE2V8.000\.gradle\caches\modules-2\files-2.1\org.jetbrains.kotlin\kotlin-reflect\1.3.72\86613e1a669a701b0c660bfd2af4f82a7ae11fca\kotlin-reflect-1.3.72.jar;C:\Users\sungeun.LAPTOP-1M0OE2V8.000\.gradle\caches\modules-2\files-2.1\org.jetbrains.kotlin\kotlin-stdlib\1.3.72\8032138f12c0180bc4e51fe139d4c52b46db6109\kotlin-stdlib-1.3.72.jar;C:\Users\sungeun.LAPTOP-1M0OE2V8.000\.gradle\caches\modules-2\files-2.1\org.jetbrains.kotlin\kotlin-script-runtime\1.3.72\657d8d34d91e1964b4439378c09933e840bfe8d5\kotlin-script-runtime-1.3.72.jar;C:\Users\sungeun.LAPTOP-1M0OE2V8.000\.gradle\caches\modules-2\files-2.1\org.jetbrains.kotlin\kotlin-daemon-embeddable\1.3.72\53bbaa2816dbf6bdb85f629451b1fcc88f2164d2\kotlin-daemon-embeddable-1.3.72.jar;C:\Users\sungeun.LAPTOP-1M0OE2V8.000\.gradle\caches\modules-2\files-2.1\org.jetbrains.intellij.deps\trove4j\1.0.20181211\216c2e14b070f334479d800987affe4054cd563f\trove4j-1.0.20181211.jar;C:\Users\sungeun.LAPTOP-1M0OE2V8.000\.gradle\caches\modules-2\files-2.1\org.jetbrains.kotlin\kotlin-stdlib-common\1.3.72\6ca8bee3d88957eaaaef077c41c908c9940492d8\kotlin-stdlib-common-1.3.72.jar;C:\Users\sungeun.LAPTOP-1M0OE2V8.000\.gradle\caches\modules-2\files-2.1\org.jetbrains\annotations\13.0\919f0dfe192fb4e063e7dacadee7f8bb9a2672a9\annotations-13.0.jar;C:\Program Files\Android\Android Studio1\jre\lib\tools.jar
Launcher Type: SUN_STANDARD

Environment Variables:
JAVA_HOME=C:\Program Files\Java\jdk-9.0.4
CLASSPATH=.;C:\Program Files\Java\jre-9.0.4\bin
PATH=C:\Program Files\Java\jdk-9.0.4\bin;C:\ProgramData\Oracle\Java\javapath;C:\Program Files (x86)\Common Files\Intel\Shared Libraries\redist\intel64\compiler;C:\Program Files (x86)\Python36-32\Scripts\;C:\Program Files (x86)\Python36-32\;C:\Program Files (x86)\Intel\iCLS Client\;C:\Program Files\Intel\iCLS Client\;C:\WINDOWS\system32;C:\WINDOWS;C:\WINDOWS\System32\Wbem;C:\WINDOWS\System32\WindowsPowerShell\v1.0\;C:\Program Files (x86)\Intel\Intel(R) Management Engine Components\DAL;C:\Program Files\Intel\Intel(R) Management Engine Components\DAL;C:\Program Files (x86)\Intel\Intel(R) Management Engine Components\IPT;C:\Program Files\Intel\Intel(R) Management Engine Components\IPT;C:\Program Files (x86)\Windows Kits\10\Windows Performance Toolkit\;C:\MinGW\bin;C:\Program Files\Intel\WiFi\bin\;C:\Program Files\Common Files\Intel\WirelessCommon\;C:\WINDOWS\System32\OpenSSH\;C:\Apache24\bin;C:\Program Files\MySQL\MySQL Utilities 1.6\bin;C:\Program Files\MySQL\MySQL Server 8.0\bin;C:\Program Files\Git\cmd;C:\Users\sungeun.LAPTOP-1M0OE2V8.000\AppData\Local\Julia-1.2.0\bin;C:\Users\sungeun.LAPTOP-1M0OE2V8.000\AppData\Local\Programs\Python\Python36\Scripts\;C:\Users\sungeun.LAPTOP-1M0OE2V8.000\AppData\Local\Programs\Python\Python36\;C:\Users\sungeun.LAPTOP-1M0OE2V8.000\AppData\Local\Microsoft\WindowsApps;C:\Users\sungeun.LAPTOP-1M0OE2V8.000\AppData\Local\atom\bin
USERNAME=sungeun
OS=Windows_NT
PROCESSOR_IDENTIFIER=Intel64 Family 6 Model 78 Stepping 3, GenuineIntel



---------------  S Y S T E M  ---------------

OS: Windows 10.0 , 64 bit Build 18362 (10.0.18362.900)

CPU:total 4 (initial active 4) (2 cores per cpu, 2 threads per core) family 6 model 78 stepping 3, cmov, cx8, fxsr, mmx, sse, sse2, sse3, ssse3, sse4.1, sse4.2, popcnt, avx, avx2, aes, clmul, erms, 3dnowpref, lzcnt, ht, tsc, tscinvbit, bmi1, bmi2, adx

Memory: 4k page, physical 8304472k(449148k free), swap 18714352k(1796k free)

vm_info: OpenJDK 64-Bit Server VM (25.242-b01) for windows-amd64 JRE (1.8.0_242-release-1644-b01), built by "builder" with MS VC++ 10.0 (VS2010)

time: Thu Jul 02 16:04:33 2020
timezone: 대한민국 표준시
elapsed time: 5 seconds (0d 0h 0m 5s)

